{"C:\\Users\\noisy\\Documents\\Trabajos clase\\Choreomania\\scripts\\audio-manager.js": {"path":"C:\\Users\\noisy\\Documents\\Trabajos clase\\Choreomania\\scripts\\audio-manager.js","statementMap":{"0":{"start":{"line":1,"column":22},"end":{"line":1,"column":26}},"1":{"start":{"line":2,"column":14},"end":{"line":2,"column":18}},"2":{"start":{"line":5,"column":4},"end":{"line":5,"column":32}},"3":{"start":{"line":5,"column":25},"end":{"line":5,"column":32}},"4":{"start":{"line":7,"column":4},"end":{"line":7,"column":43}},"5":{"start":{"line":8,"column":4},"end":{"line":8,"column":38}},"6":{"start":{"line":9,"column":4},"end":{"line":9,"column":33}},"7":{"start":{"line":13,"column":4},"end":{"line":13,"column":33}},"8":{"start":{"line":13,"column":26},"end":{"line":13,"column":33}},"9":{"start":{"line":15,"column":4},"end":{"line":15,"column":20}},"10":{"start":{"line":16,"column":17},"end":{"line":16,"column":53}},"11":{"start":{"line":17,"column":4},"end":{"line":20,"column":5}},"12":{"start":{"line":18,"column":8},"end":{"line":18,"column":49}},"13":{"start":{"line":19,"column":8},"end":{"line":19,"column":45}},"14":{"start":{"line":21,"column":4},"end":{"line":21,"column":49}},"15":{"start":{"line":22,"column":4},"end":{"line":22,"column":46}},"16":{"start":{"line":24,"column":24},"end":{"line":24,"column":46}},"17":{"start":{"line":26,"column":4},"end":{"line":34,"column":5}},"18":{"start":{"line":27,"column":8},"end":{"line":33,"column":15}},"19":{"start":{"line":29,"column":16},"end":{"line":29,"column":45}},"20":{"start":{"line":32,"column":16},"end":{"line":32,"column":56}},"21":{"start":{"line":38,"column":4},"end":{"line":38,"column":33}},"22":{"start":{"line":38,"column":26},"end":{"line":38,"column":33}},"23":{"start":{"line":40,"column":4},"end":{"line":40,"column":28}},"24":{"start":{"line":42,"column":4},"end":{"line":42,"column":19}},"25":{"start":{"line":43,"column":17},"end":{"line":43,"column":53}},"26":{"start":{"line":44,"column":4},"end":{"line":47,"column":5}},"27":{"start":{"line":45,"column":8},"end":{"line":45,"column":46}},"28":{"start":{"line":46,"column":8},"end":{"line":46,"column":48}},"29":{"start":{"line":49,"column":4},"end":{"line":49,"column":50}},"30":{"start":{"line":53,"column":4},"end":{"line":53,"column":38}},"31":{"start":{"line":54,"column":4},"end":{"line":58,"column":5}},"32":{"start":{"line":55,"column":8},"end":{"line":55,"column":20}},"33":{"start":{"line":57,"column":8},"end":{"line":57,"column":21}},"34":{"start":{"line":62,"column":4},"end":{"line":65,"column":5}},"35":{"start":{"line":63,"column":8},"end":{"line":63,"column":32}},"36":{"start":{"line":64,"column":8},"end":{"line":64,"column":40}},"37":{"start":{"line":68,"column":19},"end":{"line":68,"column":24}},"38":{"start":{"line":70,"column":4},"end":{"line":77,"column":5}},"39":{"start":{"line":71,"column":28},"end":{"line":71,"column":73}},"40":{"start":{"line":72,"column":8},"end":{"line":74,"column":11}},"41":{"start":{"line":73,"column":12},"end":{"line":73,"column":60}},"42":{"start":{"line":76,"column":8},"end":{"line":76,"column":59}},"43":{"start":{"line":79,"column":0},"end":{"line":86,"column":2}}},"fnMap":{"0":{"name":"initAudio","decl":{"start":{"line":4,"column":9},"end":{"line":4,"column":18}},"loc":{"start":{"line":4,"column":49},"end":{"line":10,"column":1}},"line":4},"1":{"name":"playAudio","decl":{"start":{"line":12,"column":9},"end":{"line":12,"column":18}},"loc":{"start":{"line":12,"column":21},"end":{"line":35,"column":1}},"line":12},"2":{"name":"(anonymous_2)","decl":{"start":{"line":28,"column":18},"end":{"line":28,"column":19}},"loc":{"start":{"line":28,"column":24},"end":{"line":30,"column":13}},"line":28},"3":{"name":"(anonymous_3)","decl":{"start":{"line":31,"column":19},"end":{"line":31,"column":20}},"loc":{"start":{"line":31,"column":30},"end":{"line":33,"column":13}},"line":31},"4":{"name":"pauseAudio","decl":{"start":{"line":37,"column":9},"end":{"line":37,"column":19}},"loc":{"start":{"line":37,"column":22},"end":{"line":50,"column":1}},"line":37},"5":{"name":"muteMusic","decl":{"start":{"line":52,"column":9},"end":{"line":52,"column":18}},"loc":{"start":{"line":52,"column":21},"end":{"line":59,"column":1}},"line":52},"6":{"name":"stopMusic","decl":{"start":{"line":61,"column":9},"end":{"line":61,"column":18}},"loc":{"start":{"line":61,"column":21},"end":{"line":66,"column":1}},"line":61},"7":{"name":"playRaffleSound","decl":{"start":{"line":69,"column":9},"end":{"line":69,"column":24}},"loc":{"start":{"line":69,"column":27},"end":{"line":78,"column":1}},"line":69},"8":{"name":"(anonymous_8)","decl":{"start":{"line":72,"column":33},"end":{"line":72,"column":34}},"loc":{"start":{"line":72,"column":42},"end":{"line":74,"column":9}},"line":72}},"branchMap":{"0":{"loc":{"start":{"line":4,"column":30},"end":{"line":4,"column":47}},"type":"default-arg","locations":[{"start":{"line":4,"column":43},"end":{"line":4,"column":47}}],"line":4},"1":{"loc":{"start":{"line":5,"column":4},"end":{"line":5,"column":32}},"type":"if","locations":[{"start":{"line":5,"column":4},"end":{"line":5,"column":32}},{"start":{},"end":{}}],"line":5},"2":{"loc":{"start":{"line":13,"column":4},"end":{"line":13,"column":33}},"type":"if","locations":[{"start":{"line":13,"column":4},"end":{"line":13,"column":33}},{"start":{},"end":{}}],"line":13},"3":{"loc":{"start":{"line":17,"column":4},"end":{"line":20,"column":5}},"type":"if","locations":[{"start":{"line":17,"column":4},"end":{"line":20,"column":5}},{"start":{},"end":{}}],"line":17},"4":{"loc":{"start":{"line":26,"column":4},"end":{"line":34,"column":5}},"type":"if","locations":[{"start":{"line":26,"column":4},"end":{"line":34,"column":5}},{"start":{},"end":{}}],"line":26},"5":{"loc":{"start":{"line":38,"column":4},"end":{"line":38,"column":33}},"type":"if","locations":[{"start":{"line":38,"column":4},"end":{"line":38,"column":33}},{"start":{},"end":{}}],"line":38},"6":{"loc":{"start":{"line":44,"column":4},"end":{"line":47,"column":5}},"type":"if","locations":[{"start":{"line":44,"column":4},"end":{"line":47,"column":5}},{"start":{},"end":{}}],"line":44},"7":{"loc":{"start":{"line":54,"column":4},"end":{"line":58,"column":5}},"type":"if","locations":[{"start":{"line":54,"column":4},"end":{"line":58,"column":5}},{"start":{"line":56,"column":11},"end":{"line":58,"column":5}}],"line":54},"8":{"loc":{"start":{"line":62,"column":4},"end":{"line":65,"column":5}},"type":"if","locations":[{"start":{"line":62,"column":4},"end":{"line":65,"column":5}},{"start":{},"end":{}}],"line":62}},"s":{"0":9,"1":9,"2":6,"3":0,"4":6,"5":6,"6":6,"7":4,"8":1,"9":3,"10":3,"11":3,"12":3,"13":3,"14":3,"15":3,"16":3,"17":3,"18":3,"19":3,"20":0,"21":3,"22":1,"23":2,"24":2,"25":2,"26":2,"27":2,"28":2,"29":2,"30":2,"31":2,"32":1,"33":1,"34":1,"35":1,"36":1,"37":9,"38":1,"39":1,"40":1,"41":0,"42":0,"43":9},"f":{"0":6,"1":4,"2":3,"3":0,"4":3,"5":2,"6":1,"7":1,"8":0},"b":{"0":[6],"1":[0,6],"2":[1,3],"3":[3,0],"4":[3,0],"5":[1,2],"6":[2,0],"7":[1,1],"8":[1,0]},"_coverageSchema":"1a1c01bbd47fc00a2c39e90264f33305004495a9","hash":"960a5240b425ab38e91ed021a1f419c9b7e8d604"}
,"C:\\Users\\noisy\\Documents\\Trabajos clase\\Choreomania\\scripts\\final-raffle-1.js": {"path":"C:\\Users\\noisy\\Documents\\Trabajos clase\\Choreomania\\scripts\\final-raffle-1.js","statementMap":{"0":{"start":{"line":1,"column":14},"end":{"line":1,"column":16}},"1":{"start":{"line":2,"column":20},"end":{"line":2,"column":45}},"2":{"start":{"line":7,"column":22},"end":{"line":7,"column":27}},"3":{"start":{"line":8,"column":22},"end":{"line":8,"column":26}},"4":{"start":{"line":9,"column":21},"end":{"line":9,"column":23}},"5":{"start":{"line":11,"column":12},"end":{"line":11,"column":41}},"6":{"start":{"line":12,"column":0},"end":{"line":12,"column":19}},"7":{"start":{"line":13,"column":20},"end":{"line":13,"column":25}},"8":{"start":{"line":16,"column":4},"end":{"line":16,"column":30}},"9":{"start":{"line":16,"column":23},"end":{"line":16,"column":30}},"10":{"start":{"line":17,"column":4},"end":{"line":17,"column":25}},"11":{"start":{"line":18,"column":4},"end":{"line":27,"column":5}},"12":{"start":{"line":19,"column":29},"end":{"line":19,"column":70}},"13":{"start":{"line":20,"column":8},"end":{"line":20,"column":34}},"14":{"start":{"line":21,"column":8},"end":{"line":21,"column":38}},"15":{"start":{"line":22,"column":8},"end":{"line":24,"column":11}},"16":{"start":{"line":23,"column":12},"end":{"line":23,"column":62}},"17":{"start":{"line":26,"column":8},"end":{"line":26,"column":59}},"18":{"start":{"line":31,"column":4},"end":{"line":31,"column":67}},"19":{"start":{"line":31,"column":42},"end":{"line":31,"column":65}},"20":{"start":{"line":32,"column":4},"end":{"line":32,"column":24}},"21":{"start":{"line":36,"column":4},"end":{"line":36,"column":16}},"22":{"start":{"line":37,"column":4},"end":{"line":55,"column":7}},"23":{"start":{"line":44,"column":8},"end":{"line":54,"column":9}},"24":{"start":{"line":45,"column":12},"end":{"line":53,"column":15}},"25":{"start":{"line":50,"column":31},"end":{"line":50,"column":49}},"26":{"start":{"line":52,"column":16},"end":{"line":52,"column":54}},"27":{"start":{"line":59,"column":4},"end":{"line":59,"column":47}},"28":{"start":{"line":60,"column":4},"end":{"line":60,"column":43}},"29":{"start":{"line":64,"column":4},"end":{"line":64,"column":46}},"30":{"start":{"line":65,"column":4},"end":{"line":65,"column":44}},"31":{"start":{"line":69,"column":4},"end":{"line":69,"column":16}},"32":{"start":{"line":70,"column":4},"end":{"line":70,"column":23}},"33":{"start":{"line":72,"column":20},"end":{"line":72,"column":49}},"34":{"start":{"line":73,"column":4},"end":{"line":73,"column":33}},"35":{"start":{"line":74,"column":4},"end":{"line":85,"column":7}},"36":{"start":{"line":86,"column":4},"end":{"line":86,"column":39}},"37":{"start":{"line":88,"column":26},"end":{"line":88,"column":30}},"38":{"start":{"line":90,"column":21},"end":{"line":106,"column":5}},"39":{"start":{"line":108,"column":4},"end":{"line":108,"column":22}},"40":{"start":{"line":110,"column":4},"end":{"line":115,"column":7}},"41":{"start":{"line":111,"column":19},"end":{"line":113,"column":22}},"42":{"start":{"line":112,"column":12},"end":{"line":112,"column":49}},"43":{"start":{"line":114,"column":8},"end":{"line":114,"column":32}},"44":{"start":{"line":117,"column":28},"end":{"line":119,"column":27}},"45":{"start":{"line":118,"column":8},"end":{"line":118,"column":53}},"46":{"start":{"line":120,"column":4},"end":{"line":120,"column":41}},"47":{"start":{"line":124,"column":4},"end":{"line":124,"column":28}},"48":{"start":{"line":125,"column":4},"end":{"line":125,"column":29}},"49":{"start":{"line":127,"column":12},"end":{"line":127,"column":13}},"50":{"start":{"line":129,"column":8},"end":{"line":141,"column":9}},"51":{"start":{"line":130,"column":12},"end":{"line":130,"column":52}},"52":{"start":{"line":131,"column":12},"end":{"line":131,"column":16}},"53":{"start":{"line":132,"column":28},"end":{"line":132,"column":58}},"54":{"start":{"line":133,"column":12},"end":{"line":133,"column":43}},"55":{"start":{"line":135,"column":12},"end":{"line":135,"column":42}},"56":{"start":{"line":136,"column":12},"end":{"line":138,"column":13}},"57":{"start":{"line":137,"column":16},"end":{"line":137,"column":45}},"58":{"start":{"line":139,"column":12},"end":{"line":139,"column":35}},"59":{"start":{"line":140,"column":12},"end":{"line":140,"column":32}},"60":{"start":{"line":143,"column":4},"end":{"line":143,"column":18}},"61":{"start":{"line":147,"column":4},"end":{"line":149,"column":5}},"62":{"start":{"line":148,"column":8},"end":{"line":148,"column":15}},"63":{"start":{"line":151,"column":4},"end":{"line":154,"column":5}},"64":{"start":{"line":152,"column":8},"end":{"line":152,"column":21}},"65":{"start":{"line":153,"column":8},"end":{"line":153,"column":15}},"66":{"start":{"line":156,"column":4},"end":{"line":156,"column":44}},"67":{"start":{"line":157,"column":4},"end":{"line":157,"column":16}},"68":{"start":{"line":159,"column":4},"end":{"line":165,"column":5}},"69":{"start":{"line":160,"column":8},"end":{"line":164,"column":9}},"70":{"start":{"line":161,"column":12},"end":{"line":161,"column":25}},"71":{"start":{"line":163,"column":12},"end":{"line":163,"column":26}},"72":{"start":{"line":167,"column":4},"end":{"line":167,"column":29}},"73":{"start":{"line":170,"column":0},"end":{"line":183,"column":3}},"74":{"start":{"line":171,"column":4},"end":{"line":182,"column":5}},"75":{"start":{"line":172,"column":8},"end":{"line":172,"column":27}},"76":{"start":{"line":174,"column":8},"end":{"line":181,"column":9}},"77":{"start":{"line":175,"column":12},"end":{"line":175,"column":31}},"78":{"start":{"line":176,"column":12},"end":{"line":176,"column":55}},"79":{"start":{"line":177,"column":12},"end":{"line":179,"column":13}},"80":{"start":{"line":178,"column":16},"end":{"line":178,"column":45}},"81":{"start":{"line":180,"column":12},"end":{"line":180,"column":35}},"82":{"start":{"line":185,"column":0},"end":{"line":193,"column":3}},"83":{"start":{"line":186,"column":4},"end":{"line":192,"column":5}},"84":{"start":{"line":187,"column":8},"end":{"line":187,"column":27}},"85":{"start":{"line":189,"column":8},"end":{"line":191,"column":9}},"86":{"start":{"line":190,"column":12},"end":{"line":190,"column":26}},"87":{"start":{"line":195,"column":0},"end":{"line":275,"column":2}},"88":{"start":{"line":198,"column":8},"end":{"line":223,"column":9}},"89":{"start":{"line":199,"column":31},"end":{"line":199,"column":76}},"90":{"start":{"line":200,"column":28},"end":{"line":200,"column":57}},"91":{"start":{"line":202,"column":12},"end":{"line":220,"column":13}},"92":{"start":{"line":203,"column":29},"end":{"line":203,"column":72}},"93":{"start":{"line":204,"column":16},"end":{"line":219,"column":17}},"94":{"start":{"line":205,"column":20},"end":{"line":218,"column":23}},"95":{"start":{"line":206,"column":37},"end":{"line":206,"column":66}},"96":{"start":{"line":207,"column":24},"end":{"line":207,"column":58}},"97":{"start":{"line":208,"column":24},"end":{"line":216,"column":22}},"98":{"start":{"line":217,"column":24},"end":{"line":217,"column":47}},"99":{"start":{"line":222,"column":12},"end":{"line":222,"column":58}},"100":{"start":{"line":225,"column":8},"end":{"line":225,"column":57}},"101":{"start":{"line":226,"column":28},"end":{"line":226,"column":75}},"102":{"start":{"line":227,"column":8},"end":{"line":227,"column":50}},"103":{"start":{"line":229,"column":8},"end":{"line":229,"column":22}},"104":{"start":{"line":230,"column":8},"end":{"line":230,"column":48}},"105":{"start":{"line":231,"column":8},"end":{"line":231,"column":20}},"106":{"start":{"line":233,"column":8},"end":{"line":233,"column":33}},"107":{"start":{"line":234,"column":8},"end":{"line":234,"column":33}},"108":{"start":{"line":236,"column":8},"end":{"line":247,"column":11}},"109":{"start":{"line":237,"column":12},"end":{"line":246,"column":13}},"110":{"start":{"line":238,"column":16},"end":{"line":238,"column":35}},"111":{"start":{"line":239,"column":16},"end":{"line":239,"column":59}},"112":{"start":{"line":240,"column":16},"end":{"line":242,"column":17}},"113":{"start":{"line":241,"column":20},"end":{"line":241,"column":49}},"114":{"start":{"line":243,"column":16},"end":{"line":243,"column":39}},"115":{"start":{"line":245,"column":16},"end":{"line":245,"column":30}},"116":{"start":{"line":249,"column":8},"end":{"line":249,"column":57}},"117":{"start":{"line":251,"column":28},"end":{"line":251,"column":64}},"118":{"start":{"line":252,"column":21},"end":{"line":252,"column":57}},"119":{"start":{"line":254,"column":8},"end":{"line":272,"column":9}},"120":{"start":{"line":255,"column":12},"end":{"line":255,"column":28}},"121":{"start":{"line":256,"column":12},"end":{"line":259,"column":13}},"122":{"start":{"line":257,"column":16},"end":{"line":257,"column":57}},"123":{"start":{"line":258,"column":16},"end":{"line":258,"column":53}},"124":{"start":{"line":260,"column":12},"end":{"line":260,"column":24}},"125":{"start":{"line":261,"column":15},"end":{"line":272,"column":9}},"126":{"start":{"line":262,"column":12},"end":{"line":262,"column":27}},"127":{"start":{"line":263,"column":12},"end":{"line":266,"column":13}},"128":{"start":{"line":264,"column":16},"end":{"line":264,"column":54}},"129":{"start":{"line":265,"column":16},"end":{"line":265,"column":56}},"130":{"start":{"line":268,"column":12},"end":{"line":268,"column":27}},"131":{"start":{"line":269,"column":12},"end":{"line":271,"column":13}},"132":{"start":{"line":270,"column":16},"end":{"line":270,"column":54}},"133":{"start":{"line":277,"column":0},"end":{"line":288,"column":1}},"134":{"start":{"line":278,"column":4},"end":{"line":287,"column":6}},"135":{"start":{"line":285,"column":33},"end":{"line":285,"column":49}},"136":{"start":{"line":286,"column":30},"end":{"line":286,"column":52}}},"fnMap":{"0":{"name":"playThunderOnce","decl":{"start":{"line":15,"column":9},"end":{"line":15,"column":24}},"loc":{"start":{"line":15,"column":27},"end":{"line":28,"column":1}},"line":15},"1":{"name":"(anonymous_1)","decl":{"start":{"line":22,"column":34},"end":{"line":22,"column":35}},"loc":{"start":{"line":22,"column":43},"end":{"line":24,"column":9}},"line":22},"2":{"name":"clearAllTimeouts","decl":{"start":{"line":30,"column":9},"end":{"line":30,"column":25}},"loc":{"start":{"line":30,"column":28},"end":{"line":33,"column":1}},"line":30},"3":{"name":"(anonymous_3)","decl":{"start":{"line":31,"column":27},"end":{"line":31,"column":28}},"loc":{"start":{"line":31,"column":42},"end":{"line":31,"column":65}},"line":31},"4":{"name":"returnHome","decl":{"start":{"line":35,"column":9},"end":{"line":35,"column":19}},"loc":{"start":{"line":35,"column":22},"end":{"line":56,"column":1}},"line":35},"5":{"name":"(anonymous_5)","decl":{"start":{"line":43,"column":12},"end":{"line":43,"column":13}},"loc":{"start":{"line":43,"column":24},"end":{"line":55,"column":5}},"line":43},"6":{"name":"(anonymous_6)","decl":{"start":{"line":50,"column":25},"end":{"line":50,"column":26}},"loc":{"start":{"line":50,"column":31},"end":{"line":50,"column":49}},"line":50},"7":{"name":"(anonymous_7)","decl":{"start":{"line":51,"column":20},"end":{"line":51,"column":21}},"loc":{"start":{"line":51,"column":26},"end":{"line":53,"column":13}},"line":51},"8":{"name":"titleStyle","decl":{"start":{"line":58,"column":9},"end":{"line":58,"column":19}},"loc":{"start":{"line":58,"column":22},"end":{"line":61,"column":1}},"line":58},"9":{"name":"normalStyle","decl":{"start":{"line":63,"column":9},"end":{"line":63,"column":20}},"loc":{"start":{"line":63,"column":23},"end":{"line":66,"column":1}},"line":63},"10":{"name":"nextScreen","decl":{"start":{"line":68,"column":9},"end":{"line":68,"column":19}},"loc":{"start":{"line":68,"column":22},"end":{"line":121,"column":1}},"line":68},"11":{"name":"(anonymous_11)","decl":{"start":{"line":110,"column":21},"end":{"line":110,"column":22}},"loc":{"start":{"line":110,"column":31},"end":{"line":115,"column":5}},"line":110},"12":{"name":"(anonymous_12)","decl":{"start":{"line":111,"column":30},"end":{"line":111,"column":31}},"loc":{"start":{"line":111,"column":36},"end":{"line":113,"column":9}},"line":111},"13":{"name":"(anonymous_13)","decl":{"start":{"line":117,"column":39},"end":{"line":117,"column":40}},"loc":{"start":{"line":117,"column":45},"end":{"line":119,"column":5}},"line":117},"14":{"name":"loadMessage","decl":{"start":{"line":123,"column":9},"end":{"line":123,"column":20}},"loc":{"start":{"line":123,"column":29},"end":{"line":144,"column":1}},"line":123},"15":{"name":"animateChar","decl":{"start":{"line":128,"column":13},"end":{"line":128,"column":24}},"loc":{"start":{"line":128,"column":27},"end":{"line":142,"column":5}},"line":128},"16":{"name":"nextMessage","decl":{"start":{"line":146,"column":9},"end":{"line":146,"column":20}},"loc":{"start":{"line":146,"column":23},"end":{"line":168,"column":1}},"line":146},"17":{"name":"(anonymous_17)","decl":{"start":{"line":170,"column":37},"end":{"line":170,"column":38}},"loc":{"start":{"line":170,"column":50},"end":{"line":183,"column":1}},"line":170},"18":{"name":"(anonymous_18)","decl":{"start":{"line":185,"column":35},"end":{"line":185,"column":36}},"loc":{"start":{"line":185,"column":48},"end":{"line":193,"column":1}},"line":185},"19":{"name":"(anonymous_19)","decl":{"start":{"line":197,"column":4},"end":{"line":197,"column":5}},"loc":{"start":{"line":197,"column":16},"end":{"line":273,"column":5}},"line":197},"20":{"name":"(anonymous_20)","decl":{"start":{"line":205,"column":36},"end":{"line":205,"column":37}},"loc":{"start":{"line":205,"column":55},"end":{"line":218,"column":21}},"line":205},"21":{"name":"(anonymous_21)","decl":{"start":{"line":236,"column":44},"end":{"line":236,"column":45}},"loc":{"start":{"line":236,"column":56},"end":{"line":247,"column":9}},"line":236},"22":{"name":"(anonymous_22)","decl":{"start":{"line":285,"column":22},"end":{"line":285,"column":23}},"loc":{"start":{"line":285,"column":31},"end":{"line":285,"column":51}},"line":285},"23":{"name":"(anonymous_23)","decl":{"start":{"line":286,"column":22},"end":{"line":286,"column":23}},"loc":{"start":{"line":286,"column":28},"end":{"line":286,"column":54}},"line":286}},"branchMap":{"0":{"loc":{"start":{"line":16,"column":4},"end":{"line":16,"column":30}},"type":"if","locations":[{"start":{"line":16,"column":4},"end":{"line":16,"column":30}},{"start":{},"end":{}}],"line":16},"1":{"loc":{"start":{"line":44,"column":8},"end":{"line":54,"column":9}},"type":"if","locations":[{"start":{"line":44,"column":8},"end":{"line":54,"column":9}},{"start":{},"end":{}}],"line":44},"2":{"loc":{"start":{"line":129,"column":8},"end":{"line":141,"column":9}},"type":"if","locations":[{"start":{"line":129,"column":8},"end":{"line":141,"column":9}},{"start":{"line":134,"column":15},"end":{"line":141,"column":9}}],"line":129},"3":{"loc":{"start":{"line":136,"column":12},"end":{"line":138,"column":13}},"type":"if","locations":[{"start":{"line":136,"column":12},"end":{"line":138,"column":13}},{"start":{},"end":{}}],"line":136},"4":{"loc":{"start":{"line":147,"column":4},"end":{"line":149,"column":5}},"type":"if","locations":[{"start":{"line":147,"column":4},"end":{"line":149,"column":5}},{"start":{},"end":{}}],"line":147},"5":{"loc":{"start":{"line":151,"column":4},"end":{"line":154,"column":5}},"type":"if","locations":[{"start":{"line":151,"column":4},"end":{"line":154,"column":5}},{"start":{},"end":{}}],"line":151},"6":{"loc":{"start":{"line":159,"column":4},"end":{"line":165,"column":5}},"type":"if","locations":[{"start":{"line":159,"column":4},"end":{"line":165,"column":5}},{"start":{},"end":{}}],"line":159},"7":{"loc":{"start":{"line":160,"column":8},"end":{"line":164,"column":9}},"type":"if","locations":[{"start":{"line":160,"column":8},"end":{"line":164,"column":9}},{"start":{"line":162,"column":15},"end":{"line":164,"column":9}}],"line":160},"8":{"loc":{"start":{"line":160,"column":12},"end":{"line":160,"column":64}},"type":"binary-expr","locations":[{"start":{"line":160,"column":12},"end":{"line":160,"column":26}},{"start":{"line":160,"column":30},"end":{"line":160,"column":64}}],"line":160},"9":{"loc":{"start":{"line":171,"column":4},"end":{"line":182,"column":5}},"type":"if","locations":[{"start":{"line":171,"column":4},"end":{"line":182,"column":5}},{"start":{},"end":{}}],"line":171},"10":{"loc":{"start":{"line":171,"column":8},"end":{"line":171,"column":42}},"type":"binary-expr","locations":[{"start":{"line":171,"column":8},"end":{"line":171,"column":25}},{"start":{"line":171,"column":29},"end":{"line":171,"column":42}}],"line":171},"11":{"loc":{"start":{"line":174,"column":8},"end":{"line":181,"column":9}},"type":"if","locations":[{"start":{"line":174,"column":8},"end":{"line":181,"column":9}},{"start":{},"end":{}}],"line":174},"12":{"loc":{"start":{"line":177,"column":12},"end":{"line":179,"column":13}},"type":"if","locations":[{"start":{"line":177,"column":12},"end":{"line":179,"column":13}},{"start":{},"end":{}}],"line":177},"13":{"loc":{"start":{"line":186,"column":4},"end":{"line":192,"column":5}},"type":"if","locations":[{"start":{"line":186,"column":4},"end":{"line":192,"column":5}},{"start":{},"end":{}}],"line":186},"14":{"loc":{"start":{"line":186,"column":8},"end":{"line":186,"column":42}},"type":"binary-expr","locations":[{"start":{"line":186,"column":8},"end":{"line":186,"column":25}},{"start":{"line":186,"column":29},"end":{"line":186,"column":42}}],"line":186},"15":{"loc":{"start":{"line":189,"column":8},"end":{"line":191,"column":9}},"type":"if","locations":[{"start":{"line":189,"column":8},"end":{"line":191,"column":9}},{"start":{},"end":{}}],"line":189},"16":{"loc":{"start":{"line":200,"column":28},"end":{"line":200,"column":57}},"type":"binary-expr","locations":[{"start":{"line":200,"column":28},"end":{"line":200,"column":51}},{"start":{"line":200,"column":55},"end":{"line":200,"column":57}}],"line":200},"17":{"loc":{"start":{"line":202,"column":12},"end":{"line":220,"column":13}},"type":"if","locations":[{"start":{"line":202,"column":12},"end":{"line":220,"column":13}},{"start":{},"end":{}}],"line":202},"18":{"loc":{"start":{"line":204,"column":16},"end":{"line":219,"column":17}},"type":"if","locations":[{"start":{"line":204,"column":16},"end":{"line":219,"column":17}},{"start":{},"end":{}}],"line":204},"19":{"loc":{"start":{"line":237,"column":12},"end":{"line":246,"column":13}},"type":"if","locations":[{"start":{"line":237,"column":12},"end":{"line":246,"column":13}},{"start":{"line":244,"column":19},"end":{"line":246,"column":13}}],"line":237},"20":{"loc":{"start":{"line":240,"column":16},"end":{"line":242,"column":17}},"type":"if","locations":[{"start":{"line":240,"column":16},"end":{"line":242,"column":17}},{"start":{},"end":{}}],"line":240},"21":{"loc":{"start":{"line":254,"column":8},"end":{"line":272,"column":9}},"type":"if","locations":[{"start":{"line":254,"column":8},"end":{"line":272,"column":9}},{"start":{"line":261,"column":15},"end":{"line":272,"column":9}}],"line":254},"22":{"loc":{"start":{"line":256,"column":12},"end":{"line":259,"column":13}},"type":"if","locations":[{"start":{"line":256,"column":12},"end":{"line":259,"column":13}},{"start":{},"end":{}}],"line":256},"23":{"loc":{"start":{"line":261,"column":15},"end":{"line":272,"column":9}},"type":"if","locations":[{"start":{"line":261,"column":15},"end":{"line":272,"column":9}},{"start":{"line":267,"column":15},"end":{"line":272,"column":9}}],"line":261},"24":{"loc":{"start":{"line":263,"column":12},"end":{"line":266,"column":13}},"type":"if","locations":[{"start":{"line":263,"column":12},"end":{"line":266,"column":13}},{"start":{},"end":{}}],"line":263},"25":{"loc":{"start":{"line":269,"column":12},"end":{"line":271,"column":13}},"type":"if","locations":[{"start":{"line":269,"column":12},"end":{"line":271,"column":13}},{"start":{},"end":{}}],"line":269},"26":{"loc":{"start":{"line":277,"column":0},"end":{"line":288,"column":1}},"type":"if","locations":[{"start":{"line":277,"column":0},"end":{"line":288,"column":1}},{"start":{},"end":{}}],"line":277}},"s":{"0":1,"1":1,"2":1,"3":1,"4":1,"5":1,"6":1,"7":1,"8":2,"9":0,"10":2,"11":2,"12":2,"13":2,"14":2,"15":2,"16":0,"17":0,"18":1,"19":0,"20":1,"21":1,"22":1,"23":1,"24":1,"25":0,"26":1,"27":1,"28":1,"29":1,"30":1,"31":1,"32":1,"33":1,"34":1,"35":1,"36":1,"37":1,"38":1,"39":1,"40":1,"41":15,"42":15,"43":15,"44":1,"45":1,"46":1,"47":0,"48":0,"49":0,"50":0,"51":0,"52":0,"53":0,"54":0,"55":0,"56":0,"57":0,"58":0,"59":0,"60":0,"61":0,"62":0,"63":0,"64":0,"65":0,"66":0,"67":0,"68":0,"69":0,"70":0,"71":0,"72":0,"73":1,"74":0,"75":0,"76":0,"77":0,"78":0,"79":0,"80":0,"81":0,"82":1,"83":0,"84":0,"85":0,"86":0,"87":1,"88":0,"89":0,"90":0,"91":0,"92":0,"93":0,"94":0,"95":0,"96":0,"97":0,"98":0,"99":0,"100":0,"101":0,"102":0,"103":0,"104":0,"105":0,"106":0,"107":0,"108":0,"109":0,"110":0,"111":0,"112":0,"113":0,"114":0,"115":0,"116":0,"117":0,"118":0,"119":0,"120":0,"121":0,"122":0,"123":0,"124":0,"125":0,"126":0,"127":0,"128":0,"129":0,"130":0,"131":0,"132":0,"133":1,"134":1,"135":4,"136":4},"f":{"0":2,"1":0,"2":1,"3":0,"4":1,"5":1,"6":0,"7":1,"8":1,"9":1,"10":1,"11":15,"12":15,"13":1,"14":0,"15":0,"16":0,"17":0,"18":0,"19":0,"20":0,"21":0,"22":4,"23":4},"b":{"0":[0,2],"1":[1,0],"2":[0,0],"3":[0,0],"4":[0,0],"5":[0,0],"6":[0,0],"7":[0,0],"8":[0,0],"9":[0,0],"10":[0,0],"11":[0,0],"12":[0,0],"13":[0,0],"14":[0,0],"15":[0,0],"16":[0,0],"17":[0,0],"18":[0,0],"19":[0,0],"20":[0,0],"21":[0,0],"22":[0,0],"23":[0,0],"24":[0,0],"25":[0,0],"26":[1,0]},"_coverageSchema":"1a1c01bbd47fc00a2c39e90264f33305004495a9","hash":"12187d27700729afcbd752f9c57dd50f1093bcca"}
,"C:\\Users\\noisy\\Documents\\Trabajos clase\\Choreomania\\scripts\\form.js": {"path":"C:\\Users\\noisy\\Documents\\Trabajos clase\\Choreomania\\scripts\\form.js","statementMap":{"0":{"start":{"line":1,"column":23},"end":{"line":1,"column":25}},"1":{"start":{"line":4,"column":26},"end":{"line":4,"column":67}},"2":{"start":{"line":5,"column":17},"end":{"line":5,"column":46}},"3":{"start":{"line":6,"column":4},"end":{"line":6,"column":38}},"4":{"start":{"line":7,"column":4},"end":{"line":7,"column":35}},"5":{"start":{"line":9,"column":4},"end":{"line":17,"column":6}},"6":{"start":{"line":19,"column":4},"end":{"line":19,"column":36}},"7":{"start":{"line":21,"column":22},"end":{"line":21,"column":55}},"8":{"start":{"line":22,"column":4},"end":{"line":27,"column":5}},"9":{"start":{"line":23,"column":8},"end":{"line":26,"column":11}},"10":{"start":{"line":24,"column":31},"end":{"line":24,"column":57}},"11":{"start":{"line":25,"column":12},"end":{"line":25,"column":40}},"12":{"start":{"line":31,"column":22},"end":{"line":31,"column":53}},"13":{"start":{"line":32,"column":4},"end":{"line":32,"column":27}},"14":{"start":{"line":32,"column":20},"end":{"line":32,"column":27}},"15":{"start":{"line":34,"column":17},"end":{"line":34,"column":39}},"16":{"start":{"line":35,"column":4},"end":{"line":43,"column":5}},"17":{"start":{"line":36,"column":8},"end":{"line":41,"column":11}},"18":{"start":{"line":42,"column":8},"end":{"line":42,"column":15}},"19":{"start":{"line":45,"column":25},"end":{"line":45,"column":61}},"20":{"start":{"line":47,"column":4},"end":{"line":53,"column":5}},"21":{"start":{"line":48,"column":8},"end":{"line":48,"column":42}},"22":{"start":{"line":49,"column":8},"end":{"line":49,"column":29}},"23":{"start":{"line":50,"column":8},"end":{"line":50,"column":26}},"24":{"start":{"line":51,"column":8},"end":{"line":51,"column":32}},"25":{"start":{"line":52,"column":8},"end":{"line":52,"column":19}},"26":{"start":{"line":57,"column":17},"end":{"line":57,"column":75}},"27":{"start":{"line":58,"column":4},"end":{"line":68,"column":5}},"28":{"start":{"line":59,"column":8},"end":{"line":59,"column":33}},"29":{"start":{"line":60,"column":8},"end":{"line":60,"column":44}},"30":{"start":{"line":62,"column":8},"end":{"line":67,"column":16}},"31":{"start":{"line":63,"column":12},"end":{"line":63,"column":50}},"32":{"start":{"line":64,"column":12},"end":{"line":64,"column":36}},"33":{"start":{"line":65,"column":12},"end":{"line":65,"column":26}},"34":{"start":{"line":66,"column":12},"end":{"line":66,"column":23}},"35":{"start":{"line":72,"column":24},"end":{"line":72,"column":58}},"36":{"start":{"line":73,"column":19},"end":{"line":73,"column":52}},"37":{"start":{"line":74,"column":22},"end":{"line":74,"column":53}},"38":{"start":{"line":76,"column":18},"end":{"line":76,"column":53}},"39":{"start":{"line":78,"column":4},"end":{"line":79,"column":74}},"40":{"start":{"line":79,"column":8},"end":{"line":79,"column":74}},"41":{"start":{"line":81,"column":4},"end":{"line":87,"column":5}},"42":{"start":{"line":82,"column":8},"end":{"line":82,"column":43}},"43":{"start":{"line":82,"column":20},"end":{"line":82,"column":43}},"44":{"start":{"line":83,"column":8},"end":{"line":83,"column":49}},"45":{"start":{"line":83,"column":23},"end":{"line":83,"column":49}},"46":{"start":{"line":85,"column":8},"end":{"line":85,"column":44}},"47":{"start":{"line":85,"column":20},"end":{"line":85,"column":44}},"48":{"start":{"line":86,"column":8},"end":{"line":86,"column":50}},"49":{"start":{"line":86,"column":23},"end":{"line":86,"column":50}},"50":{"start":{"line":91,"column":19},"end":{"line":91,"column":52}},"51":{"start":{"line":92,"column":22},"end":{"line":92,"column":53}},"52":{"start":{"line":93,"column":21},"end":{"line":93,"column":53}},"53":{"start":{"line":94,"column":20},"end":{"line":94,"column":54}},"54":{"start":{"line":95,"column":23},"end":{"line":95,"column":78}},"55":{"start":{"line":97,"column":4},"end":{"line":97,"column":63}},"56":{"start":{"line":97,"column":16},"end":{"line":97,"column":63}},"57":{"start":{"line":99,"column":4},"end":{"line":106,"column":5}},"58":{"start":{"line":100,"column":8},"end":{"line":105,"column":11}},"59":{"start":{"line":101,"column":12},"end":{"line":104,"column":13}},"60":{"start":{"line":102,"column":16},"end":{"line":102,"column":35}},"61":{"start":{"line":103,"column":16},"end":{"line":103,"column":31}},"62":{"start":{"line":108,"column":4},"end":{"line":131,"column":5}},"63":{"start":{"line":109,"column":8},"end":{"line":130,"column":11}},"64":{"start":{"line":110,"column":12},"end":{"line":129,"column":13}},"65":{"start":{"line":111,"column":16},"end":{"line":111,"column":28}},"66":{"start":{"line":112,"column":16},"end":{"line":116,"column":18}},"67":{"start":{"line":117,"column":16},"end":{"line":117,"column":65}},"68":{"start":{"line":119,"column":16},"end":{"line":128,"column":19}},"69":{"start":{"line":133,"column":4},"end":{"line":133,"column":62}},"70":{"start":{"line":133,"column":17},"end":{"line":133,"column":62}},"71":{"start":{"line":134,"column":4},"end":{"line":134,"column":69}},"72":{"start":{"line":134,"column":20},"end":{"line":134,"column":69}},"73":{"start":{"line":136,"column":4},"end":{"line":138,"column":6}},"74":{"start":{"line":137,"column":8},"end":{"line":137,"column":39}},"75":{"start":{"line":139,"column":4},"end":{"line":139,"column":15}},"76":{"start":{"line":141,"column":4},"end":{"line":141,"column":37}},"77":{"start":{"line":141,"column":19},"end":{"line":141,"column":37}},"78":{"start":{"line":145,"column":4},"end":{"line":145,"column":16}},"79":{"start":{"line":146,"column":4},"end":{"line":164,"column":7}},"80":{"start":{"line":153,"column":8},"end":{"line":163,"column":9}},"81":{"start":{"line":154,"column":12},"end":{"line":162,"column":15}},"82":{"start":{"line":159,"column":31},"end":{"line":159,"column":49}},"83":{"start":{"line":161,"column":16},"end":{"line":161,"column":54}},"84":{"start":{"line":167,"column":0},"end":{"line":194,"column":3}},"85":{"start":{"line":168,"column":4},"end":{"line":168,"column":15}},"86":{"start":{"line":170,"column":4},"end":{"line":170,"column":48}},"87":{"start":{"line":172,"column":24},"end":{"line":172,"column":60}},"88":{"start":{"line":173,"column":17},"end":{"line":173,"column":53}},"89":{"start":{"line":175,"column":4},"end":{"line":193,"column":5}},"90":{"start":{"line":176,"column":8},"end":{"line":176,"column":24}},"91":{"start":{"line":177,"column":8},"end":{"line":180,"column":9}},"92":{"start":{"line":178,"column":12},"end":{"line":178,"column":53}},"93":{"start":{"line":179,"column":12},"end":{"line":179,"column":49}},"94":{"start":{"line":181,"column":8},"end":{"line":181,"column":20}},"95":{"start":{"line":182,"column":11},"end":{"line":193,"column":5}},"96":{"start":{"line":183,"column":8},"end":{"line":183,"column":23}},"97":{"start":{"line":184,"column":8},"end":{"line":187,"column":9}},"98":{"start":{"line":185,"column":12},"end":{"line":185,"column":50}},"99":{"start":{"line":186,"column":12},"end":{"line":186,"column":52}},"100":{"start":{"line":189,"column":8},"end":{"line":189,"column":23}},"101":{"start":{"line":190,"column":8},"end":{"line":192,"column":9}},"102":{"start":{"line":191,"column":12},"end":{"line":191,"column":50}},"103":{"start":{"line":196,"column":0},"end":{"line":202,"column":1}},"104":{"start":{"line":197,"column":4},"end":{"line":197,"column":39}},"105":{"start":{"line":198,"column":4},"end":{"line":198,"column":45}},"106":{"start":{"line":199,"column":4},"end":{"line":199,"column":31}},"107":{"start":{"line":200,"column":4},"end":{"line":200,"column":53}},"108":{"start":{"line":201,"column":4},"end":{"line":201,"column":31}},"109":{"start":{"line":204,"column":0},"end":{"line":212,"column":1}},"110":{"start":{"line":205,"column":4},"end":{"line":211,"column":6}}},"fnMap":{"0":{"name":"createCharacterCard","decl":{"start":{"line":3,"column":9},"end":{"line":3,"column":28}},"loc":{"start":{"line":3,"column":40},"end":{"line":28,"column":1}},"line":3},"1":{"name":"(anonymous_1)","decl":{"start":{"line":23,"column":44},"end":{"line":23,"column":45}},"loc":{"start":{"line":23,"column":51},"end":{"line":26,"column":9}},"line":23},"2":{"name":"addCharacter","decl":{"start":{"line":30,"column":9},"end":{"line":30,"column":21}},"loc":{"start":{"line":30,"column":24},"end":{"line":54,"column":1}},"line":30},"3":{"name":"removeCharacter","decl":{"start":{"line":56,"column":9},"end":{"line":56,"column":24}},"loc":{"start":{"line":56,"column":29},"end":{"line":69,"column":1}},"line":56},"4":{"name":"(anonymous_4)","decl":{"start":{"line":62,"column":19},"end":{"line":62,"column":20}},"loc":{"start":{"line":62,"column":25},"end":{"line":67,"column":9}},"line":62},"5":{"name":"updateUI","decl":{"start":{"line":71,"column":9},"end":{"line":71,"column":17}},"loc":{"start":{"line":71,"column":20},"end":{"line":88,"column":1}},"line":71},"6":{"name":"initForm","decl":{"start":{"line":90,"column":9},"end":{"line":90,"column":17}},"loc":{"start":{"line":90,"column":20},"end":{"line":142,"column":1}},"line":90},"7":{"name":"(anonymous_7)","decl":{"start":{"line":100,"column":47},"end":{"line":100,"column":48}},"loc":{"start":{"line":100,"column":54},"end":{"line":105,"column":9}},"line":100},"8":{"name":"(anonymous_8)","decl":{"start":{"line":109,"column":43},"end":{"line":109,"column":44}},"loc":{"start":{"line":109,"column":50},"end":{"line":130,"column":9}},"line":109},"9":{"name":"(anonymous_9)","decl":{"start":{"line":136,"column":41},"end":{"line":136,"column":42}},"loc":{"start":{"line":137,"column":8},"end":{"line":137,"column":39}},"line":137},"10":{"name":"returnHome","decl":{"start":{"line":144,"column":9},"end":{"line":144,"column":19}},"loc":{"start":{"line":144,"column":22},"end":{"line":165,"column":1}},"line":144},"11":{"name":"(anonymous_11)","decl":{"start":{"line":152,"column":12},"end":{"line":152,"column":13}},"loc":{"start":{"line":152,"column":24},"end":{"line":164,"column":5}},"line":152},"12":{"name":"(anonymous_12)","decl":{"start":{"line":159,"column":25},"end":{"line":159,"column":26}},"loc":{"start":{"line":159,"column":31},"end":{"line":159,"column":49}},"line":159},"13":{"name":"(anonymous_13)","decl":{"start":{"line":160,"column":20},"end":{"line":160,"column":21}},"loc":{"start":{"line":160,"column":26},"end":{"line":162,"column":13}},"line":160},"14":{"name":"(anonymous_14)","decl":{"start":{"line":167,"column":32},"end":{"line":167,"column":33}},"loc":{"start":{"line":167,"column":38},"end":{"line":194,"column":1}},"line":167}},"branchMap":{"0":{"loc":{"start":{"line":22,"column":4},"end":{"line":27,"column":5}},"type":"if","locations":[{"start":{"line":22,"column":4},"end":{"line":27,"column":5}},{"start":{},"end":{}}],"line":22},"1":{"loc":{"start":{"line":32,"column":4},"end":{"line":32,"column":27}},"type":"if","locations":[{"start":{"line":32,"column":4},"end":{"line":32,"column":27}},{"start":{},"end":{}}],"line":32},"2":{"loc":{"start":{"line":35,"column":4},"end":{"line":43,"column":5}},"type":"if","locations":[{"start":{"line":35,"column":4},"end":{"line":43,"column":5}},{"start":{},"end":{}}],"line":35},"3":{"loc":{"start":{"line":47,"column":4},"end":{"line":53,"column":5}},"type":"if","locations":[{"start":{"line":47,"column":4},"end":{"line":53,"column":5}},{"start":{},"end":{}}],"line":47},"4":{"loc":{"start":{"line":58,"column":4},"end":{"line":68,"column":5}},"type":"if","locations":[{"start":{"line":58,"column":4},"end":{"line":68,"column":5}},{"start":{},"end":{}}],"line":58},"5":{"loc":{"start":{"line":78,"column":4},"end":{"line":79,"column":74}},"type":"if","locations":[{"start":{"line":78,"column":4},"end":{"line":79,"column":74}},{"start":{},"end":{}}],"line":78},"6":{"loc":{"start":{"line":81,"column":4},"end":{"line":87,"column":5}},"type":"if","locations":[{"start":{"line":81,"column":4},"end":{"line":87,"column":5}},{"start":{"line":84,"column":11},"end":{"line":87,"column":5}}],"line":81},"7":{"loc":{"start":{"line":82,"column":8},"end":{"line":82,"column":43}},"type":"if","locations":[{"start":{"line":82,"column":8},"end":{"line":82,"column":43}},{"start":{},"end":{}}],"line":82},"8":{"loc":{"start":{"line":83,"column":8},"end":{"line":83,"column":49}},"type":"if","locations":[{"start":{"line":83,"column":8},"end":{"line":83,"column":49}},{"start":{},"end":{}}],"line":83},"9":{"loc":{"start":{"line":85,"column":8},"end":{"line":85,"column":44}},"type":"if","locations":[{"start":{"line":85,"column":8},"end":{"line":85,"column":44}},{"start":{},"end":{}}],"line":85},"10":{"loc":{"start":{"line":86,"column":8},"end":{"line":86,"column":50}},"type":"if","locations":[{"start":{"line":86,"column":8},"end":{"line":86,"column":50}},{"start":{},"end":{}}],"line":86},"11":{"loc":{"start":{"line":97,"column":4},"end":{"line":97,"column":63}},"type":"if","locations":[{"start":{"line":97,"column":4},"end":{"line":97,"column":63}},{"start":{},"end":{}}],"line":97},"12":{"loc":{"start":{"line":99,"column":4},"end":{"line":106,"column":5}},"type":"if","locations":[{"start":{"line":99,"column":4},"end":{"line":106,"column":5}},{"start":{},"end":{}}],"line":99},"13":{"loc":{"start":{"line":101,"column":12},"end":{"line":104,"column":13}},"type":"if","locations":[{"start":{"line":101,"column":12},"end":{"line":104,"column":13}},{"start":{},"end":{}}],"line":101},"14":{"loc":{"start":{"line":108,"column":4},"end":{"line":131,"column":5}},"type":"if","locations":[{"start":{"line":108,"column":4},"end":{"line":131,"column":5}},{"start":{},"end":{}}],"line":108},"15":{"loc":{"start":{"line":110,"column":12},"end":{"line":129,"column":13}},"type":"if","locations":[{"start":{"line":110,"column":12},"end":{"line":129,"column":13}},{"start":{"line":118,"column":19},"end":{"line":129,"column":13}}],"line":110},"16":{"loc":{"start":{"line":133,"column":4},"end":{"line":133,"column":62}},"type":"if","locations":[{"start":{"line":133,"column":4},"end":{"line":133,"column":62}},{"start":{},"end":{}}],"line":133},"17":{"loc":{"start":{"line":134,"column":4},"end":{"line":134,"column":69}},"type":"if","locations":[{"start":{"line":134,"column":4},"end":{"line":134,"column":69}},{"start":{},"end":{}}],"line":134},"18":{"loc":{"start":{"line":141,"column":4},"end":{"line":141,"column":37}},"type":"if","locations":[{"start":{"line":141,"column":4},"end":{"line":141,"column":37}},{"start":{},"end":{}}],"line":141},"19":{"loc":{"start":{"line":153,"column":8},"end":{"line":163,"column":9}},"type":"if","locations":[{"start":{"line":153,"column":8},"end":{"line":163,"column":9}},{"start":{},"end":{}}],"line":153},"20":{"loc":{"start":{"line":175,"column":4},"end":{"line":193,"column":5}},"type":"if","locations":[{"start":{"line":175,"column":4},"end":{"line":193,"column":5}},{"start":{"line":182,"column":11},"end":{"line":193,"column":5}}],"line":175},"21":{"loc":{"start":{"line":177,"column":8},"end":{"line":180,"column":9}},"type":"if","locations":[{"start":{"line":177,"column":8},"end":{"line":180,"column":9}},{"start":{},"end":{}}],"line":177},"22":{"loc":{"start":{"line":182,"column":11},"end":{"line":193,"column":5}},"type":"if","locations":[{"start":{"line":182,"column":11},"end":{"line":193,"column":5}},{"start":{"line":188,"column":11},"end":{"line":193,"column":5}}],"line":182},"23":{"loc":{"start":{"line":184,"column":8},"end":{"line":187,"column":9}},"type":"if","locations":[{"start":{"line":184,"column":8},"end":{"line":187,"column":9}},{"start":{},"end":{}}],"line":184},"24":{"loc":{"start":{"line":190,"column":8},"end":{"line":192,"column":9}},"type":"if","locations":[{"start":{"line":190,"column":8},"end":{"line":192,"column":9}},{"start":{},"end":{}}],"line":190},"25":{"loc":{"start":{"line":196,"column":0},"end":{"line":202,"column":1}},"type":"if","locations":[{"start":{"line":196,"column":0},"end":{"line":202,"column":1}},{"start":{},"end":{}}],"line":196},"26":{"loc":{"start":{"line":204,"column":0},"end":{"line":212,"column":1}},"type":"if","locations":[{"start":{"line":204,"column":0},"end":{"line":212,"column":1}},{"start":{},"end":{}}],"line":204},"27":{"loc":{"start":{"line":204,"column":4},"end":{"line":204,"column":51}},"type":"binary-expr","locations":[{"start":{"line":204,"column":4},"end":{"line":204,"column":33}},{"start":{"line":204,"column":37},"end":{"line":204,"column":51}}],"line":204}},"s":{"0":1,"1":19,"2":19,"3":19,"4":19,"5":19,"6":19,"7":19,"8":19,"9":19,"10":0,"11":0,"12":18,"13":18,"14":0,"15":18,"16":18,"17":1,"18":1,"19":17,"20":17,"21":17,"22":17,"23":17,"24":17,"25":17,"26":1,"27":1,"28":1,"29":1,"30":1,"31":1,"32":1,"33":1,"34":1,"35":26,"36":26,"37":26,"38":26,"39":26,"40":26,"41":26,"42":1,"43":1,"44":1,"45":1,"46":25,"47":25,"48":25,"49":25,"50":7,"51":7,"52":7,"53":7,"54":7,"55":7,"56":7,"57":7,"58":7,"59":0,"60":0,"61":0,"62":7,"63":7,"64":0,"65":0,"66":0,"67":0,"68":0,"69":7,"70":0,"71":7,"72":0,"73":7,"74":0,"75":7,"76":7,"77":7,"78":0,"79":0,"80":0,"81":0,"82":0,"83":0,"84":1,"85":0,"86":0,"87":0,"88":0,"89":0,"90":0,"91":0,"92":0,"93":0,"94":0,"95":0,"96":0,"97":0,"98":0,"99":0,"100":0,"101":0,"102":0,"103":1,"104":1,"105":1,"106":1,"107":1,"108":1,"109":1,"110":1},"f":{"0":19,"1":0,"2":18,"3":1,"4":1,"5":26,"6":7,"7":0,"8":0,"9":0,"10":0,"11":0,"12":0,"13":0,"14":0},"b":{"0":[19,0],"1":[0,18],"2":[1,17],"3":[17,0],"4":[1,0],"5":[26,0],"6":[1,25],"7":[1,0],"8":[1,0],"9":[25,0],"10":[25,0],"11":[7,0],"12":[7,0],"13":[0,0],"14":[7,0],"15":[0,0],"16":[0,7],"17":[0,7],"18":[7,0],"19":[0,0],"20":[0,0],"21":[0,0],"22":[0,0],"23":[0,0],"24":[0,0],"25":[1,0],"26":[1,0],"27":[1,1]},"_coverageSchema":"1a1c01bbd47fc00a2c39e90264f33305004495a9","hash":"f687dad42a013c32b4a3dc6a4ad12d72ed6cff97"}
,"C:\\Users\\noisy\\Documents\\Trabajos clase\\Choreomania\\scripts\\gameState.js": {"path":"C:\\Users\\noisy\\Documents\\Trabajos clase\\Choreomania\\scripts\\gameState.js","statementMap":{"0":{"start":{"line":1,"column":20},"end":{"line":1,"column":45}},"1":{"start":{"line":2,"column":24},"end":{"line":2,"column":26}},"2":{"start":{"line":4,"column":30},"end":{"line":21,"column":1}},"3":{"start":{"line":24,"column":4},"end":{"line":24,"column":74}},"4":{"start":{"line":28,"column":16},"end":{"line":28,"column":47}},"5":{"start":{"line":29,"column":23},"end":{"line":29,"column":69}},"6":{"start":{"line":30,"column":22},"end":{"line":30,"column":68}},"7":{"start":{"line":31,"column":21},"end":{"line":31,"column":65}},"8":{"start":{"line":32,"column":4},"end":{"line":32,"column":20}},"9":{"start":{"line":35,"column":18},"end":{"line":124,"column":1}},"10":{"start":{"line":40,"column":8},"end":{"line":49,"column":9}},"11":{"start":{"line":41,"column":25},"end":{"line":41,"column":58}},"12":{"start":{"line":42,"column":12},"end":{"line":46,"column":13}},"13":{"start":{"line":43,"column":36},"end":{"line":43,"column":52}},"14":{"start":{"line":44,"column":16},"end":{"line":44,"column":65}},"15":{"start":{"line":45,"column":16},"end":{"line":45,"column":75}},"16":{"start":{"line":48,"column":12},"end":{"line":48,"column":71}},"17":{"start":{"line":53,"column":8},"end":{"line":66,"column":9}},"18":{"start":{"line":54,"column":32},"end":{"line":62,"column":13}},"19":{"start":{"line":55,"column":87},"end":{"line":60,"column":17}},"20":{"start":{"line":63,"column":12},"end":{"line":63,"column":75}},"21":{"start":{"line":65,"column":12},"end":{"line":65,"column":68}},"22":{"start":{"line":70,"column":8},"end":{"line":72,"column":9}},"23":{"start":{"line":71,"column":12},"end":{"line":71,"column":24}},"24":{"start":{"line":74,"column":26},"end":{"line":74,"column":54}},"25":{"start":{"line":76,"column":30},"end":{"line":81,"column":9}},"26":{"start":{"line":83,"column":8},"end":{"line":83,"column":45}},"27":{"start":{"line":84,"column":8},"end":{"line":84,"column":29}},"28":{"start":{"line":88,"column":8},"end":{"line":93,"column":9}},"29":{"start":{"line":88,"column":21},"end":{"line":88,"column":22}},"30":{"start":{"line":89,"column":12},"end":{"line":92,"column":13}},"31":{"start":{"line":90,"column":16},"end":{"line":90,"column":46}},"32":{"start":{"line":91,"column":16},"end":{"line":91,"column":48}},"33":{"start":{"line":94,"column":22},"end":{"line":94,"column":76}},"34":{"start":{"line":95,"column":8},"end":{"line":95,"column":44}},"35":{"start":{"line":99,"column":27},"end":{"line":101,"column":9}},"36":{"start":{"line":100,"column":19},"end":{"line":100,"column":52}},"37":{"start":{"line":103,"column":8},"end":{"line":110,"column":9}},"38":{"start":{"line":104,"column":31},"end":{"line":104,"column":82}},"39":{"start":{"line":105,"column":12},"end":{"line":109,"column":13}},"40":{"start":{"line":106,"column":16},"end":{"line":108,"column":18}},"41":{"start":{"line":107,"column":29},"end":{"line":107,"column":47}},"42":{"start":{"line":112,"column":30},"end":{"line":112,"column":53}},"43":{"start":{"line":113,"column":8},"end":{"line":115,"column":10}},"44":{"start":{"line":114,"column":19},"end":{"line":114,"column":52}},"45":{"start":{"line":117,"column":8},"end":{"line":117,"column":55}},"46":{"start":{"line":121,"column":8},"end":{"line":121,"column":30}},"47":{"start":{"line":122,"column":8},"end":{"line":122,"column":35}},"48":{"start":{"line":126,"column":0},"end":{"line":128,"column":1}},"49":{"start":{"line":127,"column":4},"end":{"line":127,"column":21}},"50":{"start":{"line":130,"column":0},"end":{"line":132,"column":1}},"51":{"start":{"line":131,"column":4},"end":{"line":131,"column":33}},"52":{"start":{"line":134,"column":0},"end":{"line":136,"column":1}},"53":{"start":{"line":135,"column":4},"end":{"line":135,"column":35}},"54":{"start":{"line":138,"column":0},"end":{"line":140,"column":1}},"55":{"start":{"line":139,"column":4},"end":{"line":139,"column":34}}},"fnMap":{"0":{"name":"generateUniqueId","decl":{"start":{"line":23,"column":9},"end":{"line":23,"column":25}},"loc":{"start":{"line":23,"column":28},"end":{"line":25,"column":1}},"line":23},"1":{"name":"generateRandomColor","decl":{"start":{"line":27,"column":9},"end":{"line":27,"column":28}},"loc":{"start":{"line":27,"column":31},"end":{"line":33,"column":1}},"line":27},"2":{"name":"(anonymous_2)","decl":{"start":{"line":39,"column":4},"end":{"line":39,"column":5}},"loc":{"start":{"line":39,"column":11},"end":{"line":50,"column":5}},"line":39},"3":{"name":"(anonymous_3)","decl":{"start":{"line":52,"column":4},"end":{"line":52,"column":5}},"loc":{"start":{"line":52,"column":11},"end":{"line":67,"column":5}},"line":52},"4":{"name":"(anonymous_4)","decl":{"start":{"line":55,"column":50},"end":{"line":55,"column":51}},"loc":{"start":{"line":55,"column":87},"end":{"line":60,"column":17}},"line":55},"5":{"name":"(anonymous_5)","decl":{"start":{"line":69,"column":4},"end":{"line":69,"column":5}},"loc":{"start":{"line":69,"column":24},"end":{"line":85,"column":5}},"line":69},"6":{"name":"(anonymous_6)","decl":{"start":{"line":87,"column":4},"end":{"line":87,"column":5}},"loc":{"start":{"line":87,"column":28},"end":{"line":96,"column":5}},"line":87},"7":{"name":"(anonymous_7)","decl":{"start":{"line":98,"column":4},"end":{"line":98,"column":5}},"loc":{"start":{"line":98,"column":25},"end":{"line":118,"column":5}},"line":98},"8":{"name":"(anonymous_8)","decl":{"start":{"line":100,"column":12},"end":{"line":100,"column":13}},"loc":{"start":{"line":100,"column":19},"end":{"line":100,"column":52}},"line":100},"9":{"name":"(anonymous_9)","decl":{"start":{"line":107,"column":20},"end":{"line":107,"column":21}},"loc":{"start":{"line":107,"column":29},"end":{"line":107,"column":47}},"line":107},"10":{"name":"(anonymous_10)","decl":{"start":{"line":114,"column":12},"end":{"line":114,"column":13}},"loc":{"start":{"line":114,"column":19},"end":{"line":114,"column":52}},"line":114},"11":{"name":"(anonymous_11)","decl":{"start":{"line":120,"column":4},"end":{"line":120,"column":5}},"loc":{"start":{"line":120,"column":12},"end":{"line":123,"column":5}},"line":120}},"branchMap":{"0":{"loc":{"start":{"line":42,"column":12},"end":{"line":46,"column":13}},"type":"if","locations":[{"start":{"line":42,"column":12},"end":{"line":46,"column":13}},{"start":{},"end":{}}],"line":42},"1":{"loc":{"start":{"line":44,"column":35},"end":{"line":44,"column":64}},"type":"binary-expr","locations":[{"start":{"line":44,"column":35},"end":{"line":44,"column":58}},{"start":{"line":44,"column":62},"end":{"line":44,"column":64}}],"line":44},"2":{"loc":{"start":{"line":45,"column":40},"end":{"line":45,"column":74}},"type":"binary-expr","locations":[{"start":{"line":45,"column":40},"end":{"line":45,"column":68}},{"start":{"line":45,"column":72},"end":{"line":45,"column":74}}],"line":45},"3":{"loc":{"start":{"line":70,"column":8},"end":{"line":72,"column":9}},"type":"if","locations":[{"start":{"line":70,"column":8},"end":{"line":72,"column":9}},{"start":{},"end":{}}],"line":70},"4":{"loc":{"start":{"line":89,"column":12},"end":{"line":92,"column":13}},"type":"if","locations":[{"start":{"line":89,"column":12},"end":{"line":92,"column":13}},{"start":{},"end":{}}],"line":89},"5":{"loc":{"start":{"line":103,"column":8},"end":{"line":110,"column":9}},"type":"if","locations":[{"start":{"line":103,"column":8},"end":{"line":110,"column":9}},{"start":{},"end":{}}],"line":103},"6":{"loc":{"start":{"line":105,"column":12},"end":{"line":109,"column":13}},"type":"if","locations":[{"start":{"line":105,"column":12},"end":{"line":109,"column":13}},{"start":{},"end":{}}],"line":105},"7":{"loc":{"start":{"line":126,"column":0},"end":{"line":128,"column":1}},"type":"if","locations":[{"start":{"line":126,"column":0},"end":{"line":128,"column":1}},{"start":{},"end":{}}],"line":126},"8":{"loc":{"start":{"line":126,"column":4},"end":{"line":126,"column":72}},"type":"binary-expr","locations":[{"start":{"line":126,"column":4},"end":{"line":126,"column":33}},{"start":{"line":126,"column":37},"end":{"line":126,"column":72}}],"line":126},"9":{"loc":{"start":{"line":130,"column":0},"end":{"line":132,"column":1}},"type":"if","locations":[{"start":{"line":130,"column":0},"end":{"line":132,"column":1}},{"start":{},"end":{}}],"line":130},"10":{"loc":{"start":{"line":134,"column":0},"end":{"line":136,"column":1}},"type":"if","locations":[{"start":{"line":134,"column":0},"end":{"line":136,"column":1}},{"start":{},"end":{}}],"line":134},"11":{"loc":{"start":{"line":134,"column":4},"end":{"line":134,"column":51}},"type":"binary-expr","locations":[{"start":{"line":134,"column":4},"end":{"line":134,"column":33}},{"start":{"line":134,"column":37},"end":{"line":134,"column":51}}],"line":134},"12":{"loc":{"start":{"line":138,"column":0},"end":{"line":140,"column":1}},"type":"if","locations":[{"start":{"line":138,"column":0},"end":{"line":140,"column":1}},{"start":{},"end":{}}],"line":138}},"s":{"0":1,"1":1,"2":1,"3":36,"4":36,"5":36,"6":36,"7":36,"8":36,"9":1,"10":2,"11":2,"12":2,"13":1,"14":1,"15":1,"16":0,"17":1,"18":1,"19":1,"20":1,"21":0,"22":37,"23":1,"24":36,"25":36,"26":36,"27":36,"28":36,"29":36,"30":276,"31":36,"32":36,"33":0,"34":0,"35":2,"36":1,"37":2,"38":1,"39":1,"40":1,"41":1,"42":2,"43":2,"44":1,"45":2,"46":9,"47":9,"48":1,"49":1,"50":1,"51":1,"52":1,"53":1,"54":1,"55":1},"f":{"0":36,"1":36,"2":2,"3":1,"4":1,"5":37,"6":36,"7":2,"8":1,"9":1,"10":1,"11":9},"b":{"0":[1,1],"1":[1,0],"2":[1,0],"3":[1,36],"4":[36,240],"5":[1,1],"6":[1,0],"7":[1,0],"8":[1,1],"9":[1,0],"10":[1,0],"11":[1,1],"12":[1,0]},"_coverageSchema":"1a1c01bbd47fc00a2c39e90264f33305004495a9","hash":"9a659d5d3b3e7a9c4c18933cb1850d364fc9ccee"}
,"C:\\Users\\noisy\\Documents\\Trabajos clase\\Choreomania\\scripts\\raffle.js": {"path":"C:\\Users\\noisy\\Documents\\Trabajos clase\\Choreomania\\scripts\\raffle.js","statementMap":{"0":{"start":{"line":3,"column":8},"end":{"line":22,"column":10}},"1":{"start":{"line":24,"column":8},"end":{"line":24,"column":30}},"2":{"start":{"line":25,"column":8},"end":{"line":25,"column":31}},"3":{"start":{"line":26,"column":8},"end":{"line":26,"column":38}},"4":{"start":{"line":30,"column":8},"end":{"line":30,"column":65}},"5":{"start":{"line":34,"column":8},"end":{"line":34,"column":30}},"6":{"start":{"line":36,"column":25},"end":{"line":36,"column":81}},"7":{"start":{"line":37,"column":8},"end":{"line":46,"column":9}},"8":{"start":{"line":38,"column":12},"end":{"line":38,"column":52}},"9":{"start":{"line":40,"column":12},"end":{"line":45,"column":13}},"10":{"start":{"line":40,"column":25},"end":{"line":40,"column":26}},"11":{"start":{"line":41,"column":28},"end":{"line":41,"column":68}},"12":{"start":{"line":42,"column":16},"end":{"line":44,"column":17}},"13":{"start":{"line":43,"column":20},"end":{"line":43,"column":47}},"14":{"start":{"line":48,"column":8},"end":{"line":50,"column":9}},"15":{"start":{"line":49,"column":12},"end":{"line":49,"column":78}},"16":{"start":{"line":52,"column":8},"end":{"line":52,"column":20}},"17":{"start":{"line":56,"column":8},"end":{"line":59,"column":11}},"18":{"start":{"line":57,"column":12},"end":{"line":57,"column":37}},"19":{"start":{"line":58,"column":12},"end":{"line":58,"column":60}},"20":{"start":{"line":60,"column":8},"end":{"line":60,"column":31}},"21":{"start":{"line":61,"column":8},"end":{"line":64,"column":9}},"22":{"start":{"line":62,"column":12},"end":{"line":62,"column":50}},"23":{"start":{"line":63,"column":12},"end":{"line":63,"column":42}},"24":{"start":{"line":68,"column":8},"end":{"line":128,"column":11}},"25":{"start":{"line":69,"column":12},"end":{"line":73,"column":13}},"26":{"start":{"line":70,"column":16},"end":{"line":70,"column":74}},"27":{"start":{"line":71,"column":16},"end":{"line":71,"column":28}},"28":{"start":{"line":72,"column":16},"end":{"line":72,"column":23}},"29":{"start":{"line":75,"column":12},"end":{"line":81,"column":13}},"30":{"start":{"line":76,"column":16},"end":{"line":78,"column":18}},"31":{"start":{"line":79,"column":16},"end":{"line":79,"column":28}},"32":{"start":{"line":80,"column":16},"end":{"line":80,"column":23}},"33":{"start":{"line":83,"column":12},"end":{"line":83,"column":34}},"34":{"start":{"line":85,"column":12},"end":{"line":85,"column":30}},"35":{"start":{"line":87,"column":12},"end":{"line":87,"column":74}},"36":{"start":{"line":87,"column":47},"end":{"line":87,"column":71}},"37":{"start":{"line":89,"column":12},"end":{"line":97,"column":42}},"38":{"start":{"line":90,"column":16},"end":{"line":96,"column":19}},"39":{"start":{"line":92,"column":24},"end":{"line":94,"column":25}},"40":{"start":{"line":95,"column":20},"end":{"line":95,"column":66}},"41":{"start":{"line":99,"column":12},"end":{"line":127,"column":46}},"42":{"start":{"line":100,"column":16},"end":{"line":100,"column":54}},"43":{"start":{"line":101,"column":16},"end":{"line":101,"column":46}},"44":{"start":{"line":103,"column":16},"end":{"line":103,"column":78}},"45":{"start":{"line":103,"column":51},"end":{"line":103,"column":75}},"46":{"start":{"line":105,"column":40},"end":{"line":108,"column":17}},"47":{"start":{"line":110,"column":16},"end":{"line":118,"column":19}},"48":{"start":{"line":111,"column":20},"end":{"line":117,"column":21}},"49":{"start":{"line":112,"column":24},"end":{"line":112,"column":69}},"50":{"start":{"line":113,"column":24},"end":{"line":113,"column":86}},"51":{"start":{"line":115,"column":24},"end":{"line":115,"column":72}},"52":{"start":{"line":116,"column":24},"end":{"line":116,"column":49}},"53":{"start":{"line":120,"column":16},"end":{"line":120,"column":39}},"54":{"start":{"line":122,"column":16},"end":{"line":124,"column":17}},"55":{"start":{"line":123,"column":20},"end":{"line":123,"column":48}},"56":{"start":{"line":126,"column":16},"end":{"line":126,"column":41}},"57":{"start":{"line":132,"column":32},"end":{"line":132,"column":34}},"58":{"start":{"line":133,"column":8},"end":{"line":138,"column":9}},"59":{"start":{"line":134,"column":24},"end":{"line":134,"column":53}},"60":{"start":{"line":135,"column":12},"end":{"line":137,"column":13}},"61":{"start":{"line":136,"column":16},"end":{"line":136,"column":42}},"62":{"start":{"line":139,"column":8},"end":{"line":139,"column":31}},"63":{"start":{"line":143,"column":8},"end":{"line":145,"column":10}},"64":{"start":{"line":144,"column":12},"end":{"line":144,"column":61}},"65":{"start":{"line":149,"column":24},"end":{"line":149,"column":26}},"66":{"start":{"line":150,"column":8},"end":{"line":154,"column":11}},"67":{"start":{"line":151,"column":12},"end":{"line":153,"column":13}},"68":{"start":{"line":152,"column":16},"end":{"line":152,"column":34}},"69":{"start":{"line":155,"column":8},"end":{"line":155,"column":23}},"70":{"start":{"line":159,"column":0},"end":{"line":161,"column":1}},"71":{"start":{"line":160,"column":4},"end":{"line":160,"column":39}}},"fnMap":{"0":{"name":"(anonymous_0)","decl":{"start":{"line":2,"column":4},"end":{"line":2,"column":5}},"loc":{"start":{"line":2,"column":29},"end":{"line":27,"column":5}},"line":2},"1":{"name":"(anonymous_1)","decl":{"start":{"line":29,"column":4},"end":{"line":29,"column":5}},"loc":{"start":{"line":29,"column":27},"end":{"line":31,"column":5}},"line":29},"2":{"name":"(anonymous_2)","decl":{"start":{"line":33,"column":4},"end":{"line":33,"column":5}},"loc":{"start":{"line":33,"column":11},"end":{"line":53,"column":5}},"line":33},"3":{"name":"(anonymous_3)","decl":{"start":{"line":55,"column":4},"end":{"line":55,"column":5}},"loc":{"start":{"line":55,"column":12},"end":{"line":65,"column":5}},"line":55},"4":{"name":"(anonymous_4)","decl":{"start":{"line":56,"column":33},"end":{"line":56,"column":34}},"loc":{"start":{"line":56,"column":42},"end":{"line":59,"column":9}},"line":56},"5":{"name":"(anonymous_5)","decl":{"start":{"line":67,"column":4},"end":{"line":67,"column":5}},"loc":{"start":{"line":67,"column":22},"end":{"line":129,"column":5}},"line":67},"6":{"name":"(anonymous_6)","decl":{"start":{"line":68,"column":27},"end":{"line":68,"column":28}},"loc":{"start":{"line":68,"column":40},"end":{"line":128,"column":9}},"line":68},"7":{"name":"(anonymous_7)","decl":{"start":{"line":87,"column":37},"end":{"line":87,"column":38}},"loc":{"start":{"line":87,"column":47},"end":{"line":87,"column":71}},"line":87},"8":{"name":"(anonymous_8)","decl":{"start":{"line":89,"column":49},"end":{"line":89,"column":50}},"loc":{"start":{"line":89,"column":55},"end":{"line":97,"column":13}},"line":89},"9":{"name":"(anonymous_9)","decl":{"start":{"line":90,"column":41},"end":{"line":90,"column":42}},"loc":{"start":{"line":90,"column":50},"end":{"line":96,"column":17}},"line":90},"10":{"name":"(anonymous_10)","decl":{"start":{"line":99,"column":23},"end":{"line":99,"column":24}},"loc":{"start":{"line":99,"column":29},"end":{"line":127,"column":13}},"line":99},"11":{"name":"(anonymous_11)","decl":{"start":{"line":103,"column":41},"end":{"line":103,"column":42}},"loc":{"start":{"line":103,"column":51},"end":{"line":103,"column":75}},"line":103},"12":{"name":"(anonymous_12)","decl":{"start":{"line":110,"column":41},"end":{"line":110,"column":42}},"loc":{"start":{"line":110,"column":55},"end":{"line":118,"column":17}},"line":110},"13":{"name":"(anonymous_13)","decl":{"start":{"line":131,"column":4},"end":{"line":131,"column":5}},"loc":{"start":{"line":131,"column":36},"end":{"line":140,"column":5}},"line":131},"14":{"name":"(anonymous_14)","decl":{"start":{"line":142,"column":4},"end":{"line":142,"column":5}},"loc":{"start":{"line":142,"column":26},"end":{"line":146,"column":5}},"line":142},"15":{"name":"(anonymous_15)","decl":{"start":{"line":143,"column":39},"end":{"line":143,"column":40}},"loc":{"start":{"line":144,"column":12},"end":{"line":144,"column":61}},"line":144},"16":{"name":"(anonymous_16)","decl":{"start":{"line":148,"column":4},"end":{"line":148,"column":5}},"loc":{"start":{"line":148,"column":25},"end":{"line":156,"column":5}},"line":148},"17":{"name":"(anonymous_17)","decl":{"start":{"line":150,"column":33},"end":{"line":150,"column":34}},"loc":{"start":{"line":150,"column":47},"end":{"line":154,"column":9}},"line":150}},"branchMap":{"0":{"loc":{"start":{"line":2,"column":16},"end":{"line":2,"column":27}},"type":"default-arg","locations":[{"start":{"line":2,"column":25},"end":{"line":2,"column":27}}],"line":2},"1":{"loc":{"start":{"line":37,"column":8},"end":{"line":46,"column":9}},"type":"if","locations":[{"start":{"line":37,"column":8},"end":{"line":46,"column":9}},{"start":{"line":39,"column":15},"end":{"line":46,"column":9}}],"line":37},"2":{"loc":{"start":{"line":42,"column":16},"end":{"line":44,"column":17}},"type":"if","locations":[{"start":{"line":42,"column":16},"end":{"line":44,"column":17}},{"start":{},"end":{}}],"line":42},"3":{"loc":{"start":{"line":48,"column":8},"end":{"line":50,"column":9}},"type":"if","locations":[{"start":{"line":48,"column":8},"end":{"line":50,"column":9}},{"start":{},"end":{}}],"line":48},"4":{"loc":{"start":{"line":61,"column":8},"end":{"line":64,"column":9}},"type":"if","locations":[{"start":{"line":61,"column":8},"end":{"line":64,"column":9}},{"start":{},"end":{}}],"line":61},"5":{"loc":{"start":{"line":69,"column":12},"end":{"line":73,"column":13}},"type":"if","locations":[{"start":{"line":69,"column":12},"end":{"line":73,"column":13}},{"start":{},"end":{}}],"line":69},"6":{"loc":{"start":{"line":75,"column":12},"end":{"line":81,"column":13}},"type":"if","locations":[{"start":{"line":75,"column":12},"end":{"line":81,"column":13}},{"start":{},"end":{}}],"line":75},"7":{"loc":{"start":{"line":111,"column":20},"end":{"line":117,"column":21}},"type":"if","locations":[{"start":{"line":111,"column":20},"end":{"line":117,"column":21}},{"start":{"line":114,"column":27},"end":{"line":117,"column":21}}],"line":111},"8":{"loc":{"start":{"line":122,"column":16},"end":{"line":124,"column":17}},"type":"if","locations":[{"start":{"line":122,"column":16},"end":{"line":124,"column":17}},{"start":{},"end":{}}],"line":122},"9":{"loc":{"start":{"line":133,"column":15},"end":{"line":133,"column":77}},"type":"binary-expr","locations":[{"start":{"line":133,"column":15},"end":{"line":133,"column":45}},{"start":{"line":133,"column":49},"end":{"line":133,"column":77}}],"line":133},"10":{"loc":{"start":{"line":135,"column":12},"end":{"line":137,"column":13}},"type":"if","locations":[{"start":{"line":135,"column":12},"end":{"line":137,"column":13}},{"start":{},"end":{}}],"line":135},"11":{"loc":{"start":{"line":151,"column":12},"end":{"line":153,"column":13}},"type":"if","locations":[{"start":{"line":151,"column":12},"end":{"line":153,"column":13}},{"start":{},"end":{}}],"line":151},"12":{"loc":{"start":{"line":159,"column":0},"end":{"line":161,"column":1}},"type":"if","locations":[{"start":{"line":159,"column":0},"end":{"line":161,"column":1}},{"start":{},"end":{}}],"line":159}},"s":{"0":12,"1":12,"2":12,"3":12,"4":144,"5":8,"6":8,"7":8,"8":7,"9":1,"10":1,"11":3,"12":3,"13":3,"14":8,"15":0,"16":8,"17":3,"18":5,"19":5,"20":3,"21":3,"22":0,"23":0,"24":6,"25":6,"26":1,"27":1,"28":1,"29":5,"30":1,"31":1,"32":1,"33":4,"34":4,"35":4,"36":17,"37":4,"38":7,"39":31,"40":31,"41":4,"42":4,"43":4,"44":4,"45":17,"46":4,"47":4,"48":17,"49":7,"50":7,"51":10,"52":10,"53":4,"54":4,"55":1,"56":4,"57":5,"58":5,"59":13,"60":13,"61":12,"62":5,"63":2,"64":11,"65":1,"66":1,"67":4,"68":2,"69":1,"70":1,"71":1},"f":{"0":12,"1":144,"2":8,"3":3,"4":5,"5":6,"6":6,"7":17,"8":7,"9":31,"10":4,"11":17,"12":17,"13":5,"14":2,"15":11,"16":1,"17":4},"b":{"0":[0],"1":[7,1],"2":[3,0],"3":[0,8],"4":[0,3],"5":[1,5],"6":[1,4],"7":[7,10],"8":[1,3],"9":[18,13],"10":[12,1],"11":[2,2],"12":[1,0]},"_coverageSchema":"1a1c01bbd47fc00a2c39e90264f33305004495a9","hash":"99b0bffc2377113291200c10da48af0fdf8802bc"}
,"C:\\Users\\noisy\\Documents\\Trabajos clase\\Choreomania\\scripts\\welcome.js": {"path":"C:\\Users\\noisy\\Documents\\Trabajos clase\\Choreomania\\scripts\\welcome.js","statementMap":{"0":{"start":{"line":2,"column":24},"end":{"line":2,"column":60}},"1":{"start":{"line":4,"column":4},"end":{"line":28,"column":5}},"2":{"start":{"line":5,"column":8},"end":{"line":5,"column":20}},"3":{"start":{"line":6,"column":11},"end":{"line":28,"column":5}},"4":{"start":{"line":7,"column":8},"end":{"line":7,"column":21}},"5":{"start":{"line":9,"column":8},"end":{"line":27,"column":11}},"6":{"start":{"line":22,"column":12},"end":{"line":26,"column":13}},"7":{"start":{"line":23,"column":16},"end":{"line":23,"column":28}},"8":{"start":{"line":25,"column":16},"end":{"line":25,"column":29}},"9":{"start":{"line":32,"column":4},"end":{"line":49,"column":7}},"10":{"start":{"line":41,"column":8},"end":{"line":48,"column":9}},"11":{"start":{"line":42,"column":12},"end":{"line":47,"column":15}},"12":{"start":{"line":53,"column":4},"end":{"line":53,"column":16}},"13":{"start":{"line":55,"column":4},"end":{"line":55,"column":52}},"14":{"start":{"line":56,"column":4},"end":{"line":56,"column":38}},"15":{"start":{"line":58,"column":4},"end":{"line":60,"column":12}},"16":{"start":{"line":59,"column":8},"end":{"line":59,"column":44}},"17":{"start":{"line":62,"column":0},"end":{"line":62,"column":66}}},"fnMap":{"0":{"name":"checkMusicPreference","decl":{"start":{"line":1,"column":9},"end":{"line":1,"column":29}},"loc":{"start":{"line":1,"column":32},"end":{"line":29,"column":1}},"line":1},"1":{"name":"(anonymous_1)","decl":{"start":{"line":21,"column":16},"end":{"line":21,"column":17}},"loc":{"start":{"line":21,"column":28},"end":{"line":27,"column":9}},"line":21},"2":{"name":"returnHome","decl":{"start":{"line":31,"column":9},"end":{"line":31,"column":19}},"loc":{"start":{"line":31,"column":22},"end":{"line":50,"column":1}},"line":31},"3":{"name":"(anonymous_3)","decl":{"start":{"line":40,"column":12},"end":{"line":40,"column":13}},"loc":{"start":{"line":40,"column":24},"end":{"line":49,"column":5}},"line":40},"4":{"name":"nextScreen","decl":{"start":{"line":52,"column":9},"end":{"line":52,"column":19}},"loc":{"start":{"line":52,"column":22},"end":{"line":61,"column":1}},"line":52},"5":{"name":"(anonymous_5)","decl":{"start":{"line":58,"column":15},"end":{"line":58,"column":16}},"loc":{"start":{"line":58,"column":21},"end":{"line":60,"column":5}},"line":58}},"branchMap":{"0":{"loc":{"start":{"line":4,"column":4},"end":{"line":28,"column":5}},"type":"if","locations":[{"start":{"line":4,"column":4},"end":{"line":28,"column":5}},{"start":{"line":6,"column":11},"end":{"line":28,"column":5}}],"line":4},"1":{"loc":{"start":{"line":6,"column":11},"end":{"line":28,"column":5}},"type":"if","locations":[{"start":{"line":6,"column":11},"end":{"line":28,"column":5}},{"start":{"line":8,"column":11},"end":{"line":28,"column":5}}],"line":6},"2":{"loc":{"start":{"line":22,"column":12},"end":{"line":26,"column":13}},"type":"if","locations":[{"start":{"line":22,"column":12},"end":{"line":26,"column":13}},{"start":{"line":24,"column":19},"end":{"line":26,"column":13}}],"line":22},"3":{"loc":{"start":{"line":41,"column":8},"end":{"line":48,"column":9}},"type":"if","locations":[{"start":{"line":41,"column":8},"end":{"line":48,"column":9}},{"start":{},"end":{}}],"line":41}},"s":{"0":2,"1":2,"2":0,"3":2,"4":0,"5":2,"6":2,"7":1,"8":1,"9":0,"10":0,"11":0,"12":1,"13":1,"14":1,"15":1,"16":1,"17":1},"f":{"0":2,"1":2,"2":0,"3":0,"4":1,"5":1},"b":{"0":[0,2],"1":[0,2],"2":[1,1],"3":[0,0]},"_coverageSchema":"1a1c01bbd47fc00a2c39e90264f33305004495a9","hash":"586f7b23476b7d35e2dcba6b3f783d164764dd81"}
}
