TN:
SF:scripts\audio-manager.js
FN:4,initAudio
FN:12,playAudio
FN:28,(anonymous_2)
FN:31,(anonymous_3)
FN:37,pauseAudio
FN:52,muteMusic
FN:61,stopMusic
FN:69,playRaffleSound
FN:72,(anonymous_8)
FNF:9
FNH:7
FNDA:6,initAudio
FNDA:4,playAudio
FNDA:3,(anonymous_2)
FNDA:0,(anonymous_3)
FNDA:3,pauseAudio
FNDA:2,muteMusic
FNDA:1,stopMusic
FNDA:1,playRaffleSound
FNDA:0,(anonymous_8)
DA:1,9
DA:2,9
DA:5,6
DA:7,6
DA:8,6
DA:9,6
DA:13,4
DA:15,3
DA:16,3
DA:17,3
DA:18,3
DA:19,3
DA:21,3
DA:22,3
DA:24,3
DA:26,3
DA:27,3
DA:29,3
DA:32,0
DA:38,3
DA:40,2
DA:42,2
DA:43,2
DA:44,2
DA:45,2
DA:46,2
DA:49,2
DA:53,2
DA:54,2
DA:55,1
DA:57,1
DA:62,1
DA:63,1
DA:64,1
DA:68,9
DA:70,1
DA:71,1
DA:72,1
DA:73,0
DA:76,0
DA:79,9
LF:41
LH:38
BRDA:4,0,0,6
BRDA:5,1,0,0
BRDA:5,1,1,6
BRDA:13,2,0,1
BRDA:13,2,1,3
BRDA:17,3,0,3
BRDA:17,3,1,0
BRDA:26,4,0,3
BRDA:26,4,1,0
BRDA:38,5,0,1
BRDA:38,5,1,2
BRDA:44,6,0,2
BRDA:44,6,1,0
BRDA:54,7,0,1
BRDA:54,7,1,1
BRDA:62,8,0,1
BRDA:62,8,1,0
BRF:17
BRH:12
end_of_record
TN:
SF:scripts\final-raffle-1.js
FN:15,playThunderOnce
FN:22,(anonymous_1)
FN:30,clearAllTimeouts
FN:31,(anonymous_3)
FN:35,returnHome
FN:43,(anonymous_5)
FN:50,(anonymous_6)
FN:51,(anonymous_7)
FN:58,titleStyle
FN:63,normalStyle
FN:68,nextScreen
FN:110,(anonymous_11)
FN:111,(anonymous_12)
FN:117,(anonymous_13)
FN:123,loadMessage
FN:128,animateChar
FN:146,nextMessage
FN:170,(anonymous_17)
FN:185,(anonymous_18)
FN:197,(anonymous_19)
FN:205,(anonymous_20)
FN:236,(anonymous_21)
FN:285,(anonymous_22)
FN:286,(anonymous_23)
FNF:24
FNH:13
FNDA:2,playThunderOnce
FNDA:0,(anonymous_1)
FNDA:1,clearAllTimeouts
FNDA:0,(anonymous_3)
FNDA:1,returnHome
FNDA:1,(anonymous_5)
FNDA:0,(anonymous_6)
FNDA:1,(anonymous_7)
FNDA:1,titleStyle
FNDA:1,normalStyle
FNDA:1,nextScreen
FNDA:15,(anonymous_11)
FNDA:15,(anonymous_12)
FNDA:1,(anonymous_13)
FNDA:0,loadMessage
FNDA:0,animateChar
FNDA:0,nextMessage
FNDA:0,(anonymous_17)
FNDA:0,(anonymous_18)
FNDA:0,(anonymous_19)
FNDA:0,(anonymous_20)
FNDA:0,(anonymous_21)
FNDA:4,(anonymous_22)
FNDA:4,(anonymous_23)
DA:1,1
DA:2,1
DA:7,1
DA:8,1
DA:9,1
DA:11,1
DA:12,1
DA:13,1
DA:16,2
DA:17,2
DA:18,2
DA:19,2
DA:20,2
DA:21,2
DA:22,2
DA:23,0
DA:26,0
DA:31,1
DA:32,1
DA:36,1
DA:37,1
DA:44,1
DA:45,1
DA:50,0
DA:52,1
DA:59,1
DA:60,1
DA:64,1
DA:65,1
DA:69,1
DA:70,1
DA:72,1
DA:73,1
DA:74,1
DA:86,1
DA:88,1
DA:90,1
DA:108,1
DA:110,1
DA:111,15
DA:112,15
DA:114,15
DA:117,1
DA:118,1
DA:120,1
DA:124,0
DA:125,0
DA:127,0
DA:129,0
DA:130,0
DA:131,0
DA:132,0
DA:133,0
DA:135,0
DA:136,0
DA:137,0
DA:139,0
DA:140,0
DA:143,0
DA:147,0
DA:148,0
DA:151,0
DA:152,0
DA:153,0
DA:156,0
DA:157,0
DA:159,0
DA:160,0
DA:161,0
DA:163,0
DA:167,0
DA:170,1
DA:171,0
DA:172,0
DA:174,0
DA:175,0
DA:176,0
DA:177,0
DA:178,0
DA:180,0
DA:185,1
DA:186,0
DA:187,0
DA:189,0
DA:190,0
DA:195,1
DA:198,0
DA:199,0
DA:200,0
DA:202,0
DA:203,0
DA:204,0
DA:205,0
DA:206,0
DA:207,0
DA:208,0
DA:217,0
DA:222,0
DA:225,0
DA:226,0
DA:227,0
DA:229,0
DA:230,0
DA:231,0
DA:233,0
DA:234,0
DA:236,0
DA:237,0
DA:238,0
DA:239,0
DA:240,0
DA:241,0
DA:243,0
DA:245,0
DA:249,0
DA:251,0
DA:252,0
DA:254,0
DA:255,0
DA:256,0
DA:257,0
DA:258,0
DA:260,0
DA:261,0
DA:262,0
DA:263,0
DA:264,0
DA:265,0
DA:268,0
DA:269,0
DA:270,0
DA:277,1
DA:278,1
DA:285,4
DA:286,4
LF:135
LH:49
BRDA:16,0,0,0
BRDA:16,0,1,2
BRDA:44,1,0,1
BRDA:44,1,1,0
BRDA:129,2,0,0
BRDA:129,2,1,0
BRDA:136,3,0,0
BRDA:136,3,1,0
BRDA:147,4,0,0
BRDA:147,4,1,0
BRDA:151,5,0,0
BRDA:151,5,1,0
BRDA:159,6,0,0
BRDA:159,6,1,0
BRDA:160,7,0,0
BRDA:160,7,1,0
BRDA:160,8,0,0
BRDA:160,8,1,0
BRDA:171,9,0,0
BRDA:171,9,1,0
BRDA:171,10,0,0
BRDA:171,10,1,0
BRDA:174,11,0,0
BRDA:174,11,1,0
BRDA:177,12,0,0
BRDA:177,12,1,0
BRDA:186,13,0,0
BRDA:186,13,1,0
BRDA:186,14,0,0
BRDA:186,14,1,0
BRDA:189,15,0,0
BRDA:189,15,1,0
BRDA:200,16,0,0
BRDA:200,16,1,0
BRDA:202,17,0,0
BRDA:202,17,1,0
BRDA:204,18,0,0
BRDA:204,18,1,0
BRDA:237,19,0,0
BRDA:237,19,1,0
BRDA:240,20,0,0
BRDA:240,20,1,0
BRDA:254,21,0,0
BRDA:254,21,1,0
BRDA:256,22,0,0
BRDA:256,22,1,0
BRDA:261,23,0,0
BRDA:261,23,1,0
BRDA:263,24,0,0
BRDA:263,24,1,0
BRDA:269,25,0,0
BRDA:269,25,1,0
BRDA:277,26,0,1
BRDA:277,26,1,0
BRF:54
BRH:3
end_of_record
TN:
SF:scripts\form.js
FN:3,createCharacterCard
FN:23,(anonymous_1)
FN:30,addCharacter
FN:56,removeCharacter
FN:62,(anonymous_4)
FN:71,updateUI
FN:90,initForm
FN:100,(anonymous_7)
FN:109,(anonymous_8)
FN:136,(anonymous_9)
FN:144,returnHome
FN:152,(anonymous_11)
FN:159,(anonymous_12)
FN:160,(anonymous_13)
FN:167,(anonymous_14)
FNF:15
FNH:6
FNDA:19,createCharacterCard
FNDA:0,(anonymous_1)
FNDA:18,addCharacter
FNDA:1,removeCharacter
FNDA:1,(anonymous_4)
FNDA:26,updateUI
FNDA:7,initForm
FNDA:0,(anonymous_7)
FNDA:0,(anonymous_8)
FNDA:0,(anonymous_9)
FNDA:0,returnHome
FNDA:0,(anonymous_11)
FNDA:0,(anonymous_12)
FNDA:0,(anonymous_13)
FNDA:0,(anonymous_14)
DA:1,1
DA:4,19
DA:5,19
DA:6,19
DA:7,19
DA:9,19
DA:19,19
DA:21,19
DA:22,19
DA:23,19
DA:24,0
DA:25,0
DA:31,18
DA:32,18
DA:34,18
DA:35,18
DA:36,1
DA:42,1
DA:45,17
DA:47,17
DA:48,17
DA:49,17
DA:50,17
DA:51,17
DA:52,17
DA:57,1
DA:58,1
DA:59,1
DA:60,1
DA:62,1
DA:63,1
DA:64,1
DA:65,1
DA:66,1
DA:72,26
DA:73,26
DA:74,26
DA:76,26
DA:78,26
DA:79,26
DA:81,26
DA:82,1
DA:83,1
DA:85,25
DA:86,25
DA:91,7
DA:92,7
DA:93,7
DA:94,7
DA:95,7
DA:97,7
DA:99,7
DA:100,7
DA:101,0
DA:102,0
DA:103,0
DA:108,7
DA:109,7
DA:110,0
DA:111,0
DA:112,0
DA:117,0
DA:119,0
DA:133,7
DA:134,7
DA:136,7
DA:137,0
DA:139,7
DA:141,7
DA:145,0
DA:146,0
DA:153,0
DA:154,0
DA:159,0
DA:161,0
DA:167,1
DA:168,0
DA:170,0
DA:172,0
DA:173,0
DA:175,0
DA:176,0
DA:177,0
DA:178,0
DA:179,0
DA:181,0
DA:182,0
DA:183,0
DA:184,0
DA:185,0
DA:186,0
DA:189,0
DA:190,0
DA:191,0
DA:196,1
DA:197,1
DA:198,1
DA:199,1
DA:200,1
DA:201,1
DA:204,1
DA:205,1
LF:102
LH:67
BRDA:22,0,0,19
BRDA:22,0,1,0
BRDA:32,1,0,0
BRDA:32,1,1,18
BRDA:35,2,0,1
BRDA:35,2,1,17
BRDA:47,3,0,17
BRDA:47,3,1,0
BRDA:58,4,0,1
BRDA:58,4,1,0
BRDA:78,5,0,26
BRDA:78,5,1,0
BRDA:81,6,0,1
BRDA:81,6,1,25
BRDA:82,7,0,1
BRDA:82,7,1,0
BRDA:83,8,0,1
BRDA:83,8,1,0
BRDA:85,9,0,25
BRDA:85,9,1,0
BRDA:86,10,0,25
BRDA:86,10,1,0
BRDA:97,11,0,7
BRDA:97,11,1,0
BRDA:99,12,0,7
BRDA:99,12,1,0
BRDA:101,13,0,0
BRDA:101,13,1,0
BRDA:108,14,0,7
BRDA:108,14,1,0
BRDA:110,15,0,0
BRDA:110,15,1,0
BRDA:133,16,0,0
BRDA:133,16,1,7
BRDA:134,17,0,0
BRDA:134,17,1,7
BRDA:141,18,0,7
BRDA:141,18,1,0
BRDA:153,19,0,0
BRDA:153,19,1,0
BRDA:175,20,0,0
BRDA:175,20,1,0
BRDA:177,21,0,0
BRDA:177,21,1,0
BRDA:182,22,0,0
BRDA:182,22,1,0
BRDA:184,23,0,0
BRDA:184,23,1,0
BRDA:190,24,0,0
BRDA:190,24,1,0
BRDA:196,25,0,1
BRDA:196,25,1,0
BRDA:204,26,0,1
BRDA:204,26,1,0
BRDA:204,27,0,1
BRDA:204,27,1,1
BRF:56
BRH:23
end_of_record
TN:
SF:scripts\gameState.js
FN:23,generateUniqueId
FN:27,generateRandomColor
FN:39,(anonymous_2)
FN:52,(anonymous_3)
FN:55,(anonymous_4)
FN:69,(anonymous_5)
FN:87,(anonymous_6)
FN:98,(anonymous_7)
FN:100,(anonymous_8)
FN:107,(anonymous_9)
FN:114,(anonymous_10)
FN:120,(anonymous_11)
FNF:12
FNH:12
FNDA:36,generateUniqueId
FNDA:36,generateRandomColor
FNDA:2,(anonymous_2)
FNDA:1,(anonymous_3)
FNDA:1,(anonymous_4)
FNDA:37,(anonymous_5)
FNDA:36,(anonymous_6)
FNDA:2,(anonymous_7)
FNDA:1,(anonymous_8)
FNDA:1,(anonymous_9)
FNDA:1,(anonymous_10)
FNDA:9,(anonymous_11)
DA:1,1
DA:2,1
DA:4,1
DA:24,36
DA:28,36
DA:29,36
DA:30,36
DA:31,36
DA:32,36
DA:35,1
DA:40,2
DA:41,2
DA:42,2
DA:43,1
DA:44,1
DA:45,1
DA:48,0
DA:53,1
DA:54,1
DA:55,1
DA:63,1
DA:65,0
DA:70,37
DA:71,1
DA:74,36
DA:76,36
DA:83,36
DA:84,36
DA:88,36
DA:89,276
DA:90,36
DA:91,36
DA:94,0
DA:95,0
DA:99,2
DA:100,1
DA:103,2
DA:104,1
DA:105,1
DA:106,1
DA:107,1
DA:112,2
DA:113,2
DA:114,1
DA:117,2
DA:121,9
DA:122,9
DA:126,1
DA:127,1
DA:130,1
DA:131,1
DA:134,1
DA:135,1
DA:138,1
DA:139,1
LF:55
LH:51
BRDA:42,0,0,1
BRDA:42,0,1,1
BRDA:44,1,0,1
BRDA:44,1,1,0
BRDA:45,2,0,1
BRDA:45,2,1,0
BRDA:70,3,0,1
BRDA:70,3,1,36
BRDA:89,4,0,36
BRDA:89,4,1,240
BRDA:103,5,0,1
BRDA:103,5,1,1
BRDA:105,6,0,1
BRDA:105,6,1,0
BRDA:126,7,0,1
BRDA:126,7,1,0
BRDA:126,8,0,1
BRDA:126,8,1,1
BRDA:130,9,0,1
BRDA:130,9,1,0
BRDA:134,10,0,1
BRDA:134,10,1,0
BRDA:134,11,0,1
BRDA:134,11,1,1
BRDA:138,12,0,1
BRDA:138,12,1,0
BRF:26
BRH:19
end_of_record
TN:
SF:scripts\raffle.js
FN:2,(anonymous_0)
FN:29,(anonymous_1)
FN:33,(anonymous_2)
FN:55,(anonymous_3)
FN:56,(anonymous_4)
FN:67,(anonymous_5)
FN:68,(anonymous_6)
FN:87,(anonymous_7)
FN:89,(anonymous_8)
FN:90,(anonymous_9)
FN:99,(anonymous_10)
FN:103,(anonymous_11)
FN:110,(anonymous_12)
FN:131,(anonymous_13)
FN:142,(anonymous_14)
FN:143,(anonymous_15)
FN:148,(anonymous_16)
FN:150,(anonymous_17)
FNF:18
FNH:18
FNDA:12,(anonymous_0)
FNDA:147,(anonymous_1)
FNDA:8,(anonymous_2)
FNDA:3,(anonymous_3)
FNDA:5,(anonymous_4)
FNDA:6,(anonymous_5)
FNDA:6,(anonymous_6)
FNDA:17,(anonymous_7)
FNDA:7,(anonymous_8)
FNDA:34,(anonymous_9)
FNDA:4,(anonymous_10)
FNDA:17,(anonymous_11)
FNDA:17,(anonymous_12)
FNDA:5,(anonymous_13)
FNDA:2,(anonymous_14)
FNDA:11,(anonymous_15)
FNDA:1,(anonymous_16)
FNDA:4,(anonymous_17)
DA:3,12
DA:24,12
DA:25,12
DA:26,12
DA:30,147
DA:34,8
DA:36,8
DA:37,8
DA:38,7
DA:40,1
DA:41,3
DA:42,3
DA:43,3
DA:48,8
DA:49,0
DA:52,8
DA:56,3
DA:57,5
DA:58,5
DA:60,3
DA:61,3
DA:62,0
DA:63,0
DA:68,6
DA:69,6
DA:70,1
DA:71,1
DA:72,1
DA:75,5
DA:76,1
DA:79,1
DA:80,1
DA:83,4
DA:85,4
DA:87,17
DA:89,4
DA:90,7
DA:92,34
DA:95,34
DA:99,4
DA:100,4
DA:101,4
DA:103,17
DA:105,4
DA:110,4
DA:111,17
DA:112,7
DA:113,7
DA:115,10
DA:116,10
DA:120,4
DA:122,4
DA:123,1
DA:126,4
DA:132,5
DA:133,5
DA:134,13
DA:135,13
DA:136,12
DA:139,5
DA:143,2
DA:144,11
DA:149,1
DA:150,1
DA:151,4
DA:152,2
DA:155,1
DA:159,1
DA:160,1
LF:69
LH:66
BRDA:2,0,0,0
BRDA:37,1,0,7
BRDA:37,1,1,1
BRDA:42,2,0,3
BRDA:42,2,1,0
BRDA:48,3,0,0
BRDA:48,3,1,8
BRDA:61,4,0,0
BRDA:61,4,1,3
BRDA:69,5,0,1
BRDA:69,5,1,5
BRDA:75,6,0,1
BRDA:75,6,1,4
BRDA:111,7,0,7
BRDA:111,7,1,10
BRDA:122,8,0,1
BRDA:122,8,1,3
BRDA:133,9,0,18
BRDA:133,9,1,13
BRDA:135,10,0,12
BRDA:135,10,1,1
BRDA:151,11,0,2
BRDA:151,11,1,2
BRDA:159,12,0,1
BRDA:159,12,1,0
BRF:25
BRH:20
end_of_record
TN:
SF:scripts\welcome.js
FN:1,checkMusicPreference
FN:21,(anonymous_1)
FN:31,returnHome
FN:40,(anonymous_3)
FN:52,nextScreen
FN:58,(anonymous_5)
FNF:6
FNH:4
FNDA:2,checkMusicPreference
FNDA:2,(anonymous_1)
FNDA:0,returnHome
FNDA:0,(anonymous_3)
FNDA:1,nextScreen
FNDA:1,(anonymous_5)
DA:2,2
DA:4,2
DA:5,0
DA:6,2
DA:7,0
DA:9,2
DA:22,2
DA:23,1
DA:25,1
DA:32,0
DA:41,0
DA:42,0
DA:53,1
DA:55,1
DA:56,1
DA:58,1
DA:59,1
DA:62,1
LF:18
LH:13
BRDA:4,0,0,0
BRDA:4,0,1,2
BRDA:6,1,0,0
BRDA:6,1,1,2
BRDA:22,2,0,1
BRDA:22,2,1,1
BRDA:41,3,0,0
BRDA:41,3,1,0
BRF:8
BRH:4
end_of_record
